TN:
SF:connection.js
FNF:0
FNH:0
DA:2,1
DA:5,1
DA:19,1
LF:3
LH:3
BRF:0
BRH:0
end_of_record
TN:
SF:index.js
FN:22,(anonymous_0)
FNF:1
FNH:1
FNDA:1,(anonymous_0)
DA:2,1
DA:4,1
DA:6,1
DA:8,1
DA:10,1
DA:13,1
DA:15,1
DA:18,1
DA:19,1
DA:22,1
DA:23,1
DA:26,1
LF:12
LH:12
BRF:0
BRH:0
end_of_record
TN:
SF:response.js
FN:5,(anonymous_0)
FNF:1
FNH:1
FNDA:125,(anonymous_0)
DA:5,1
DA:6,125
DA:10,125
DA:11,124
LF:4
LH:4
BRF:0
BRH:0
end_of_record
TN:
SF:routes.js
FN:16,(anonymous_0)
FN:43,(anonymous_1)
FNF:2
FNH:1
FNDA:1,(anonymous_0)
FNDA:0,(anonymous_1)
DA:3,1
DA:5,1
DA:6,1
DA:7,1
DA:9,1
DA:10,1
DA:12,1
DA:13,1
DA:16,1
DA:18,1
DA:19,1
DA:20,1
DA:21,1
DA:22,1
DA:23,1
DA:24,1
DA:25,1
DA:26,1
DA:27,1
DA:28,1
DA:29,1
DA:30,1
DA:31,1
DA:32,1
DA:33,1
DA:34,1
DA:35,1
DA:36,1
DA:37,1
DA:38,1
DA:39,1
DA:40,1
DA:41,1
DA:43,1
DA:44,0
DA:47,1
DA:48,1
DA:53,1
DA:56,1
DA:60,1
DA:62,1
DA:64,1
DA:66,1
DA:68,1
DA:70,1
DA:72,1
DA:74,1
DA:76,1
DA:78,1
DA:80,1
DA:82,1
DA:84,1
DA:86,1
DA:88,1
DA:90,1
DA:92,1
DA:94,1
DA:96,1
DA:98,1
DA:100,1
DA:102,1
DA:104,1
DA:106,1
DA:108,1
DA:111,1
DA:113,1
DA:115,1
DA:117,1
DA:119,1
DA:121,1
DA:123,1
DA:125,1
DA:127,1
DA:129,1
DA:131,1
DA:133,1
DA:135,1
DA:137,1
DA:139,1
DA:141,1
DA:143,1
DA:145,1
DA:147,1
DA:149,1
DA:151,1
DA:154,1
DA:156,1
DA:158,1
DA:160,1
DA:162,1
DA:164,1
DA:166,1
DA:169,1
DA:171,1
DA:173,1
DA:175,1
DA:177,1
DA:179,1
DA:181,1
DA:183,1
DA:185,1
DA:187,1
DA:189,1
DA:191,1
DA:193,1
DA:195,1
DA:197,1
DA:199,1
DA:201,1
DA:203,1
DA:205,1
DA:207,1
DA:209,1
DA:212,1
DA:214,1
DA:216,1
DA:218,1
DA:220,1
DA:222,1
DA:224,1
DA:226,1
DA:228,1
DA:230,1
DA:232,1
DA:234,1
DA:236,1
DA:238,1
DA:240,1
DA:242,1
DA:244,1
DA:246,1
DA:248,1
DA:250,1
DA:252,1
DA:255,1
DA:257,1
DA:259,1
DA:261,1
DA:263,1
DA:265,1
DA:267,1
DA:269,1
DA:271,1
DA:273,1
DA:275,1
DA:277,1
DA:279,1
DA:281,1
DA:283,1
DA:285,1
DA:287,1
DA:289,1
DA:291,1
DA:293,1
DA:295,1
LF:155
LH:154
BRF:0
BRH:0
end_of_record
TN:
SF:controller\controller_agama.js
FN:10,(anonymous_0)
FN:19,(anonymous_1)
FN:29,(anonymous_2)
FN:32,(anonymous_3)
FN:43,(anonymous_4)
FN:49,(anonymous_5)
FN:61,(anonymous_6)
FN:68,(anonymous_7)
FN:80,(anonymous_8)
FN:86,(anonymous_9)
FNF:10
FNH:10
FNDA:2,(anonymous_0)
FNDA:2,(anonymous_1)
FNDA:1,(anonymous_2)
FNDA:1,(anonymous_3)
FNDA:1,(anonymous_4)
FNDA:1,(anonymous_5)
FNDA:1,(anonymous_6)
FNDA:1,(anonymous_7)
FNDA:1,(anonymous_8)
FNDA:1,(anonymous_9)
DA:4,1
DA:6,1
DA:7,1
DA:10,1
DA:11,2
DA:12,2
DA:13,2
DA:14,2
DA:15,2
DA:16,1
DA:17,1
DA:19,2
DA:20,2
DA:21,0
DA:23,2
DA:29,1
DA:30,1
DA:31,1
DA:33,1
DA:34,0
DA:36,1
DA:43,1
DA:45,1
DA:47,1
DA:50,1
DA:51,0
DA:53,1
DA:61,1
DA:63,1
DA:64,1
DA:66,1
DA:69,1
DA:70,0
DA:72,1
DA:80,1
DA:82,1
DA:84,1
DA:87,1
DA:88,0
DA:90,1
LF:40
LH:35
BRDA:15,0,0,1
BRDA:15,0,1,1
BRDA:15,1,0,2
BRDA:15,1,1,1
BRDA:20,2,0,0
BRDA:20,2,1,2
BRDA:33,3,0,0
BRDA:33,3,1,1
BRDA:50,4,0,0
BRDA:50,4,1,1
BRDA:69,5,0,0
BRDA:69,5,1,1
BRDA:87,6,0,0
BRDA:87,6,1,1
BRF:14
BRH:9
end_of_record
TN:
SF:controller\controller_ayah.js
FN:9,(anonymous_0)
FN:34,(anonymous_1)
FN:44,(anonymous_2)
FN:49,(anonymous_3)
FN:59,(anonymous_4)
FN:61,(anonymous_5)
FN:72,(anonymous_6)
FN:75,(anonymous_7)
FN:94,(anonymous_8)
FN:106,(anonymous_9)
FN:119,(anonymous_10)
FN:131,(anonymous_11)
FN:137,(anonymous_12)
FNF:13
FNH:13
FNDA:2,(anonymous_0)
FNDA:2,(anonymous_1)
FNDA:1,(anonymous_2)
FNDA:1,(anonymous_3)
FNDA:2,(anonymous_4)
FNDA:2,(anonymous_5)
FNDA:1,(anonymous_6)
FNDA:1,(anonymous_7)
FNDA:1,(anonymous_8)
FNDA:1,(anonymous_9)
FNDA:1,(anonymous_10)
FNDA:1,(anonymous_11)
FNDA:1,(anonymous_12)
DA:4,1
DA:6,1
DA:9,1
DA:10,2
DA:11,2
DA:12,2
DA:13,2
DA:14,2
DA:21,2
DA:22,2
DA:23,1
DA:24,1
DA:26,2
DA:27,1
DA:28,1
DA:30,2
DA:31,1
DA:32,1
DA:34,2
DA:35,2
DA:36,0
DA:38,2
DA:44,1
DA:45,1
DA:46,1
DA:50,1
DA:51,0
DA:53,1
DA:59,1
DA:60,2
DA:62,2
DA:63,0
DA:65,2
DA:72,1
DA:74,1
DA:76,1
DA:77,0
DA:79,1
DA:83,1
DA:84,1
DA:85,1
DA:86,1
DA:87,1
DA:88,1
DA:89,1
DA:90,1
DA:92,1
DA:95,1
DA:96,0
DA:98,1
DA:106,1
DA:108,1
DA:109,1
DA:110,1
DA:111,1
DA:112,1
DA:113,1
DA:114,1
DA:115,1
DA:117,1
DA:120,1
DA:121,0
DA:123,1
DA:131,1
DA:133,1
DA:135,1
DA:138,1
DA:139,0
DA:141,1
LF:69
LH:62
BRDA:22,0,0,1
BRDA:22,0,1,1
BRDA:22,1,0,2
BRDA:22,1,1,1
BRDA:26,2,0,1
BRDA:26,2,1,1
BRDA:26,3,0,2
BRDA:26,3,1,1
BRDA:30,4,0,1
BRDA:30,4,1,1
BRDA:30,5,0,2
BRDA:30,5,1,1
BRDA:35,6,0,0
BRDA:35,6,1,2
BRDA:50,7,0,0
BRDA:50,7,1,1
BRDA:62,8,0,0
BRDA:62,8,1,2
BRDA:76,9,0,0
BRDA:76,9,1,1
BRDA:95,10,0,0
BRDA:95,10,1,1
BRDA:120,11,0,0
BRDA:120,11,1,1
BRDA:138,12,0,0
BRDA:138,12,1,1
BRF:26
BRH:19
end_of_record
TN:
SF:controller\controller_bank.js
FN:9,(anonymous_0)
FN:10,(anonymous_1)
FN:20,(anonymous_2)
FN:23,(anonymous_3)
FN:34,(anonymous_4)
FN:43,(anonymous_5)
FN:55,(anonymous_6)
FN:64,(anonymous_7)
FN:76,(anonymous_8)
FN:82,(anonymous_9)
FNF:10
FNH:10
FNDA:1,(anonymous_0)
FNDA:1,(anonymous_1)
FNDA:1,(anonymous_2)
FNDA:1,(anonymous_3)
FNDA:1,(anonymous_4)
FNDA:1,(anonymous_5)
FNDA:1,(anonymous_6)
FNDA:1,(anonymous_7)
FNDA:1,(anonymous_8)
FNDA:1,(anonymous_9)
DA:4,1
DA:6,1
DA:9,1
DA:10,1
DA:11,1
DA:12,0
DA:14,1
DA:20,1
DA:21,1
DA:22,1
DA:24,1
DA:25,0
DA:27,1
DA:34,1
DA:36,1
DA:37,1
DA:38,1
DA:39,1
DA:41,1
DA:44,1
DA:45,0
DA:47,1
DA:55,1
DA:57,1
DA:58,1
DA:59,1
DA:60,1
DA:62,1
DA:65,1
DA:66,0
DA:68,1
DA:76,1
DA:78,1
DA:80,1
DA:83,1
DA:84,0
DA:86,1
LF:37
LH:32
BRDA:11,0,0,0
BRDA:11,0,1,1
BRDA:24,1,0,0
BRDA:24,1,1,1
BRDA:44,2,0,0
BRDA:44,2,1,1
BRDA:65,3,0,0
BRDA:65,3,1,1
BRDA:83,4,0,0
BRDA:83,4,1,1
BRF:10
BRH:5
end_of_record
TN:
SF:controller\controller_default.js
FN:8,(anonymous_0)
FNF:1
FNH:0
FNDA:0,(anonymous_0)
DA:4,1
DA:6,1
DA:8,1
DA:9,0
LF:4
LH:3
BRF:0
BRH:0
end_of_record
TN:
SF:controller\controller_detailbeasiswa.js
FN:9,(anonymous_0)
FN:10,(anonymous_1)
FN:20,(anonymous_2)
FN:23,(anonymous_3)
FN:34,(anonymous_4)
FN:44,(anonymous_5)
FN:56,(anonymous_6)
FN:67,(anonymous_7)
FN:79,(anonymous_8)
FN:85,(anonymous_9)
FNF:10
FNH:10
FNDA:1,(anonymous_0)
FNDA:1,(anonymous_1)
FNDA:1,(anonymous_2)
FNDA:1,(anonymous_3)
FNDA:1,(anonymous_4)
FNDA:1,(anonymous_5)
FNDA:1,(anonymous_6)
FNDA:1,(anonymous_7)
FNDA:1,(anonymous_8)
FNDA:1,(anonymous_9)
DA:4,1
DA:6,1
DA:9,1
DA:10,1
DA:11,1
DA:12,0
DA:14,1
DA:20,1
DA:21,1
DA:22,1
DA:24,1
DA:25,0
DA:27,1
DA:34,1
DA:36,1
DA:37,1
DA:38,1
DA:39,1
DA:40,1
DA:42,1
DA:45,1
DA:46,0
DA:48,1
DA:56,1
DA:58,1
DA:59,1
DA:60,1
DA:61,1
DA:62,1
DA:63,1
DA:65,1
DA:68,1
DA:69,0
DA:71,1
DA:79,1
DA:81,1
DA:83,1
DA:86,1
DA:87,0
DA:89,1
LF:40
LH:35
BRDA:11,0,0,0
BRDA:11,0,1,1
BRDA:24,1,0,0
BRDA:24,1,1,1
BRDA:45,2,0,0
BRDA:45,2,1,1
BRDA:68,3,0,0
BRDA:68,3,1,1
BRDA:86,4,0,0
BRDA:86,4,1,1
BRF:10
BRH:5
end_of_record
TN:
SF:controller\controller_detailprestasi.js
FN:9,(anonymous_0)
FN:10,(anonymous_1)
FN:20,(anonymous_2)
FN:23,(anonymous_3)
FN:34,(anonymous_4)
FN:45,(anonymous_5)
FN:57,(anonymous_6)
FN:69,(anonymous_7)
FN:81,(anonymous_8)
FN:87,(anonymous_9)
FNF:10
FNH:10
FNDA:1,(anonymous_0)
FNDA:1,(anonymous_1)
FNDA:1,(anonymous_2)
FNDA:1,(anonymous_3)
FNDA:1,(anonymous_4)
FNDA:1,(anonymous_5)
FNDA:1,(anonymous_6)
FNDA:1,(anonymous_7)
FNDA:1,(anonymous_8)
FNDA:1,(anonymous_9)
DA:4,1
DA:6,1
DA:9,1
DA:10,1
DA:11,1
DA:12,0
DA:14,1
DA:20,1
DA:21,1
DA:22,1
DA:24,1
DA:25,0
DA:27,1
DA:34,1
DA:36,1
DA:37,1
DA:38,1
DA:39,1
DA:40,1
DA:41,1
DA:43,1
DA:46,1
DA:47,0
DA:49,1
DA:57,1
DA:59,1
DA:60,1
DA:61,1
DA:62,1
DA:63,1
DA:64,1
DA:65,1
DA:67,1
DA:70,1
DA:71,0
DA:73,1
DA:81,1
DA:83,1
DA:85,1
DA:88,1
DA:89,0
DA:91,1
LF:42
LH:37
BRDA:11,0,0,0
BRDA:11,0,1,1
BRDA:24,1,0,0
BRDA:24,1,1,1
BRDA:46,2,0,0
BRDA:46,2,1,1
BRDA:70,3,0,0
BRDA:70,3,1,1
BRDA:88,4,0,0
BRDA:88,4,1,1
BRF:10
BRH:5
end_of_record
TN:
SF:controller\controller_disabilitas.js
FN:9,(anonymous_0)
FN:10,(anonymous_1)
FN:20,(anonymous_2)
FN:23,(anonymous_3)
FN:34,(anonymous_4)
FN:40,(anonymous_5)
FN:52,(anonymous_6)
FN:59,(anonymous_7)
FN:71,(anonymous_8)
FN:77,(anonymous_9)
FNF:10
FNH:10
FNDA:1,(anonymous_0)
FNDA:1,(anonymous_1)
FNDA:1,(anonymous_2)
FNDA:1,(anonymous_3)
FNDA:1,(anonymous_4)
FNDA:1,(anonymous_5)
FNDA:1,(anonymous_6)
FNDA:1,(anonymous_7)
FNDA:1,(anonymous_8)
FNDA:1,(anonymous_9)
DA:4,1
DA:6,1
DA:9,1
DA:10,1
DA:11,1
DA:12,0
DA:14,1
DA:20,1
DA:21,1
DA:22,1
DA:24,1
DA:25,0
DA:27,1
DA:34,1
DA:36,1
DA:38,1
DA:41,1
DA:42,0
DA:44,1
DA:52,1
DA:54,1
DA:55,1
DA:57,1
DA:60,1
DA:61,0
DA:63,1
DA:71,1
DA:73,1
DA:75,1
DA:78,1
DA:79,0
DA:81,1
LF:32
LH:27
BRDA:11,0,0,0
BRDA:11,0,1,1
BRDA:24,1,0,0
BRDA:24,1,1,1
BRDA:41,2,0,0
BRDA:41,2,1,1
BRDA:60,3,0,0
BRDA:60,3,1,1
BRDA:78,4,0,0
BRDA:78,4,1,1
BRF:10
BRH:5
end_of_record
TN:
SF:controller\controller_ibu.js
FN:9,(anonymous_0)
FN:34,(anonymous_1)
FN:44,(anonymous_2)
FN:49,(anonymous_3)
FN:59,(anonymous_4)
FN:61,(anonymous_5)
FN:72,(anonymous_6)
FN:85,(anonymous_7)
FN:97,(anonymous_8)
FN:110,(anonymous_9)
FN:122,(anonymous_10)
FN:128,(anonymous_11)
FNF:12
FNH:12
FNDA:2,(anonymous_0)
FNDA:2,(anonymous_1)
FNDA:1,(anonymous_2)
FNDA:1,(anonymous_3)
FNDA:1,(anonymous_4)
FNDA:1,(anonymous_5)
FNDA:1,(anonymous_6)
FNDA:1,(anonymous_7)
FNDA:1,(anonymous_8)
FNDA:1,(anonymous_9)
FNDA:1,(anonymous_10)
FNDA:1,(anonymous_11)
DA:4,1
DA:6,1
DA:9,1
DA:10,2
DA:11,2
DA:12,2
DA:13,2
DA:14,2
DA:21,2
DA:22,2
DA:23,1
DA:24,1
DA:26,2
DA:27,1
DA:28,1
DA:30,2
DA:31,1
DA:32,1
DA:34,2
DA:35,2
DA:36,0
DA:38,2
DA:44,1
DA:45,1
DA:46,1
DA:50,1
DA:51,0
DA:53,1
DA:59,1
DA:60,1
DA:62,1
DA:63,0
DA:65,1
DA:72,1
DA:74,1
DA:75,1
DA:76,1
DA:77,1
DA:78,1
DA:79,1
DA:80,1
DA:81,1
DA:83,1
DA:86,1
DA:87,0
DA:89,1
DA:97,1
DA:99,1
DA:100,1
DA:101,1
DA:102,1
DA:103,1
DA:104,1
DA:105,1
DA:106,1
DA:108,1
DA:111,1
DA:112,0
DA:114,1
DA:122,1
DA:124,1
DA:126,1
DA:129,1
DA:130,0
DA:132,1
LF:65
LH:59
BRDA:22,0,0,1
BRDA:22,0,1,1
BRDA:22,1,0,2
BRDA:22,1,1,1
BRDA:26,2,0,1
BRDA:26,2,1,1
BRDA:26,3,0,2
BRDA:26,3,1,1
BRDA:30,4,0,1
BRDA:30,4,1,1
BRDA:30,5,0,2
BRDA:30,5,1,1
BRDA:35,6,0,0
BRDA:35,6,1,2
BRDA:50,7,0,0
BRDA:50,7,1,1
BRDA:62,8,0,0
BRDA:62,8,1,1
BRDA:86,9,0,0
BRDA:86,9,1,1
BRDA:111,10,0,0
BRDA:111,10,1,1
BRDA:129,11,0,0
BRDA:129,11,1,1
BRF:24
BRH:18
end_of_record
TN:
SF:controller\controller_jenisalasan.js
FN:9,(anonymous_0)
FN:10,(anonymous_1)
FN:20,(anonymous_2)
FN:23,(anonymous_3)
FN:34,(anonymous_4)
FN:40,(anonymous_5)
FN:52,(anonymous_6)
FN:59,(anonymous_7)
FN:71,(anonymous_8)
FN:77,(anonymous_9)
FNF:10
FNH:10
FNDA:1,(anonymous_0)
FNDA:1,(anonymous_1)
FNDA:1,(anonymous_2)
FNDA:1,(anonymous_3)
FNDA:1,(anonymous_4)
FNDA:1,(anonymous_5)
FNDA:1,(anonymous_6)
FNDA:1,(anonymous_7)
FNDA:1,(anonymous_8)
FNDA:1,(anonymous_9)
DA:4,1
DA:6,1
DA:9,1
DA:10,1
DA:11,1
DA:12,0
DA:14,1
DA:20,1
DA:21,1
DA:22,1
DA:24,1
DA:25,0
DA:27,1
DA:34,1
DA:36,1
DA:38,1
DA:41,1
DA:42,0
DA:44,1
DA:52,1
DA:54,1
DA:55,1
DA:57,1
DA:60,1
DA:61,0
DA:63,1
DA:71,1
DA:73,1
DA:75,1
DA:78,1
DA:79,0
DA:81,1
LF:32
LH:27
BRDA:11,0,0,0
BRDA:11,0,1,1
BRDA:24,1,0,0
BRDA:24,1,1,1
BRDA:41,2,0,0
BRDA:41,2,1,1
BRDA:60,3,0,0
BRDA:60,3,1,1
BRDA:78,4,0,0
BRDA:78,4,1,1
BRF:10
BRH:5
end_of_record
TN:
SF:controller\controller_kecamatan.js
FN:9,(anonymous_0)
FN:10,(anonymous_1)
FN:20,(anonymous_2)
FN:23,(anonymous_3)
FN:34,(anonymous_4)
FN:40,(anonymous_5)
FN:52,(anonymous_6)
FN:59,(anonymous_7)
FN:71,(anonymous_8)
FN:77,(anonymous_9)
FNF:10
FNH:10
FNDA:1,(anonymous_0)
FNDA:1,(anonymous_1)
FNDA:1,(anonymous_2)
FNDA:1,(anonymous_3)
FNDA:1,(anonymous_4)
FNDA:1,(anonymous_5)
FNDA:1,(anonymous_6)
FNDA:1,(anonymous_7)
FNDA:1,(anonymous_8)
FNDA:1,(anonymous_9)
DA:4,1
DA:6,1
DA:9,1
DA:10,1
DA:11,1
DA:12,0
DA:14,1
DA:20,1
DA:21,1
DA:22,1
DA:24,1
DA:25,0
DA:27,1
DA:34,1
DA:36,1
DA:38,1
DA:41,1
DA:42,0
DA:44,1
DA:52,1
DA:54,1
DA:55,1
DA:57,1
DA:60,1
DA:61,0
DA:63,1
DA:71,1
DA:73,1
DA:75,1
DA:78,1
DA:79,0
DA:81,1
LF:32
LH:27
BRDA:11,0,0,0
BRDA:11,0,1,1
BRDA:24,1,0,0
BRDA:24,1,1,1
BRDA:41,2,0,0
BRDA:41,2,1,1
BRDA:60,3,0,0
BRDA:60,3,1,1
BRDA:78,4,0,0
BRDA:78,4,1,1
BRF:10
BRH:5
end_of_record
TN:
SF:controller\controller_kelurahan.js
FN:9,(anonymous_0)
FN:10,(anonymous_1)
FN:20,(anonymous_2)
FN:23,(anonymous_3)
FN:34,(anonymous_4)
FN:42,(anonymous_5)
FN:54,(anonymous_6)
FN:63,(anonymous_7)
FN:75,(anonymous_8)
FN:81,(anonymous_9)
FNF:10
FNH:10
FNDA:1,(anonymous_0)
FNDA:1,(anonymous_1)
FNDA:1,(anonymous_2)
FNDA:1,(anonymous_3)
FNDA:1,(anonymous_4)
FNDA:1,(anonymous_5)
FNDA:1,(anonymous_6)
FNDA:1,(anonymous_7)
FNDA:1,(anonymous_8)
FNDA:1,(anonymous_9)
DA:4,1
DA:6,1
DA:9,1
DA:10,1
DA:11,1
DA:12,0
DA:14,1
DA:20,1
DA:21,1
DA:22,1
DA:24,1
DA:25,0
DA:27,1
DA:34,1
DA:36,1
DA:37,1
DA:38,1
DA:40,1
DA:43,1
DA:44,0
DA:46,1
DA:54,1
DA:56,1
DA:57,1
DA:58,1
DA:59,1
DA:61,1
DA:64,1
DA:65,0
DA:67,1
DA:75,1
DA:77,1
DA:79,1
DA:82,1
DA:83,0
DA:85,1
LF:36
LH:31
BRDA:11,0,0,0
BRDA:11,0,1,1
BRDA:24,1,0,0
BRDA:24,1,1,1
BRDA:43,2,0,0
BRDA:43,2,1,1
BRDA:64,3,0,0
BRDA:64,3,1,1
BRDA:82,4,0,0
BRDA:82,4,1,1
BRF:10
BRH:5
end_of_record
TN:
SF:controller\controller_login.js
FN:12,(anonymous_0)
FN:15,(anonymous_1)
FN:31,(anonymous_2)
FNF:3
FNH:3
FNDA:25,(anonymous_0)
FNDA:25,(anonymous_1)
FNDA:24,(anonymous_2)
DA:4,1
DA:6,1
DA:8,1
DA:9,1
DA:10,1
DA:12,1
DA:13,25
DA:17,25
DA:18,0
DA:21,25
DA:22,1
DA:28,24
DA:33,24
DA:34,0
DA:37,24
DA:39,23
DA:48,23
DA:51,23
DA:57,1
LF:19
LH:17
BRDA:17,0,0,0
BRDA:17,0,1,25
BRDA:21,1,0,1
BRDA:21,1,1,24
BRDA:33,2,0,0
BRDA:33,2,1,24
BRDA:37,3,0,23
BRDA:37,3,1,1
BRF:8
BRH:6
end_of_record
TN:
SF:controller\controller_pekerjaan.js
FN:9,(anonymous_0)
FN:10,(anonymous_1)
FN:20,(anonymous_2)
FN:23,(anonymous_3)
FN:34,(anonymous_4)
FN:40,(anonymous_5)
FN:52,(anonymous_6)
FN:59,(anonymous_7)
FN:71,(anonymous_8)
FN:77,(anonymous_9)
FNF:10
FNH:10
FNDA:1,(anonymous_0)
FNDA:1,(anonymous_1)
FNDA:1,(anonymous_2)
FNDA:1,(anonymous_3)
FNDA:1,(anonymous_4)
FNDA:1,(anonymous_5)
FNDA:1,(anonymous_6)
FNDA:1,(anonymous_7)
FNDA:1,(anonymous_8)
FNDA:1,(anonymous_9)
DA:4,1
DA:6,1
DA:9,1
DA:10,1
DA:11,1
DA:12,0
DA:14,1
DA:20,1
DA:21,1
DA:22,1
DA:24,1
DA:25,0
DA:27,1
DA:34,1
DA:36,1
DA:38,1
DA:41,1
DA:42,0
DA:44,1
DA:52,1
DA:54,1
DA:55,1
DA:57,1
DA:60,1
DA:61,0
DA:63,1
DA:71,1
DA:73,1
DA:75,1
DA:78,1
DA:79,0
DA:81,1
LF:32
LH:27
BRDA:11,0,0,0
BRDA:11,0,1,1
BRDA:24,1,0,0
BRDA:24,1,1,1
BRDA:41,2,0,0
BRDA:41,2,1,1
BRDA:60,3,0,0
BRDA:60,3,1,1
BRDA:78,4,0,0
BRDA:78,4,1,1
BRF:10
BRH:5
end_of_record
TN:
SF:controller\controller_pendidikan.js
FN:9,(anonymous_0)
FN:10,(anonymous_1)
FN:20,(anonymous_2)
FN:26,(anonymous_3)
FN:38,(anonymous_4)
FN:45,(anonymous_5)
FN:57,(anonymous_6)
FN:60,(anonymous_7)
FN:71,(anonymous_8)
FN:77,(anonymous_9)
FNF:10
FNH:10
FNDA:1,(anonymous_0)
FNDA:1,(anonymous_1)
FNDA:1,(anonymous_2)
FNDA:1,(anonymous_3)
FNDA:1,(anonymous_4)
FNDA:1,(anonymous_5)
FNDA:1,(anonymous_6)
FNDA:1,(anonymous_7)
FNDA:1,(anonymous_8)
FNDA:1,(anonymous_9)
DA:4,1
DA:6,1
DA:9,1
DA:10,1
DA:11,1
DA:12,0
DA:14,1
DA:20,1
DA:22,1
DA:24,1
DA:27,1
DA:28,0
DA:30,1
DA:38,1
DA:40,1
DA:41,1
DA:43,1
DA:46,1
DA:47,0
DA:49,1
DA:57,1
DA:58,1
DA:59,1
DA:61,1
DA:62,0
DA:64,1
DA:71,1
DA:73,1
DA:75,1
DA:78,1
DA:79,0
DA:81,1
LF:32
LH:27
BRDA:11,0,0,0
BRDA:11,0,1,1
BRDA:27,1,0,0
BRDA:27,1,1,1
BRDA:46,2,0,0
BRDA:46,2,1,1
BRDA:61,3,0,0
BRDA:61,3,1,1
BRDA:78,4,0,0
BRDA:78,4,1,1
BRF:10
BRH:5
end_of_record
TN:
SF:controller\controller_penghasilan.js
FN:9,(anonymous_0)
FN:10,(anonymous_1)
FN:20,(anonymous_2)
FN:23,(anonymous_3)
FN:34,(anonymous_4)
FN:40,(anonymous_5)
FN:52,(anonymous_6)
FN:59,(anonymous_7)
FN:71,(anonymous_8)
FN:77,(anonymous_9)
FNF:10
FNH:10
FNDA:1,(anonymous_0)
FNDA:1,(anonymous_1)
FNDA:1,(anonymous_2)
FNDA:1,(anonymous_3)
FNDA:1,(anonymous_4)
FNDA:1,(anonymous_5)
FNDA:1,(anonymous_6)
FNDA:1,(anonymous_7)
FNDA:1,(anonymous_8)
FNDA:1,(anonymous_9)
DA:4,1
DA:6,1
DA:9,1
DA:10,1
DA:11,1
DA:12,0
DA:14,1
DA:20,1
DA:21,1
DA:22,1
DA:24,1
DA:25,0
DA:27,1
DA:34,1
DA:36,1
DA:38,1
DA:41,1
DA:42,0
DA:44,1
DA:52,1
DA:54,1
DA:55,1
DA:57,1
DA:60,1
DA:61,0
DA:63,1
DA:71,1
DA:73,1
DA:75,1
DA:78,1
DA:79,0
DA:81,1
LF:32
LH:27
BRDA:11,0,0,0
BRDA:11,0,1,1
BRDA:24,1,0,0
BRDA:24,1,1,1
BRDA:41,2,0,0
BRDA:41,2,1,1
BRDA:60,3,0,0
BRDA:60,3,1,1
BRDA:78,4,0,0
BRDA:78,4,1,1
BRF:10
BRH:5
end_of_record
TN:
SF:controller\controller_pip.js
FN:9,(anonymous_0)
FN:10,(anonymous_1)
FN:20,(anonymous_2)
FN:23,(anonymous_3)
FN:34,(anonymous_4)
FN:43,(anonymous_5)
FN:55,(anonymous_6)
FN:65,(anonymous_7)
FN:77,(anonymous_8)
FN:83,(anonymous_9)
FNF:10
FNH:10
FNDA:1,(anonymous_0)
FNDA:1,(anonymous_1)
FNDA:1,(anonymous_2)
FNDA:1,(anonymous_3)
FNDA:1,(anonymous_4)
FNDA:1,(anonymous_5)
FNDA:1,(anonymous_6)
FNDA:1,(anonymous_7)
FNDA:1,(anonymous_8)
FNDA:1,(anonymous_9)
DA:4,1
DA:6,1
DA:9,1
DA:10,1
DA:11,1
DA:12,0
DA:14,1
DA:20,1
DA:21,1
DA:22,1
DA:24,1
DA:25,0
DA:27,1
DA:34,1
DA:36,1
DA:37,1
DA:38,1
DA:39,1
DA:41,1
DA:44,1
DA:45,0
DA:47,1
DA:55,1
DA:57,1
DA:58,1
DA:59,1
DA:60,1
DA:61,1
DA:63,1
DA:66,1
DA:67,0
DA:69,1
DA:77,1
DA:79,1
DA:81,1
DA:84,1
DA:85,0
DA:87,1
LF:38
LH:33
BRDA:11,0,0,0
BRDA:11,0,1,1
BRDA:24,1,0,0
BRDA:24,1,1,1
BRDA:44,2,0,0
BRDA:44,2,1,1
BRDA:66,3,0,0
BRDA:66,3,1,1
BRDA:84,4,0,0
BRDA:84,4,1,1
BRF:10
BRH:5
end_of_record
TN:
SF:controller\controller_priodiksiswa.js
FN:9,(anonymous_0)
FN:10,(anonymous_1)
FN:21,(anonymous_2)
FN:24,(anonymous_3)
FN:34,(anonymous_4)
FN:36,(anonymous_5)
FN:47,(anonymous_6)
FN:59,(anonymous_7)
FN:71,(anonymous_8)
FN:83,(anonymous_9)
FN:95,(anonymous_10)
FN:101,(anonymous_11)
FNF:12
FNH:12
FNDA:1,(anonymous_0)
FNDA:1,(anonymous_1)
FNDA:1,(anonymous_2)
FNDA:1,(anonymous_3)
FNDA:1,(anonymous_4)
FNDA:1,(anonymous_5)
FNDA:1,(anonymous_6)
FNDA:1,(anonymous_7)
FNDA:1,(anonymous_8)
FNDA:1,(anonymous_9)
FNDA:1,(anonymous_10)
FNDA:1,(anonymous_11)
DA:4,1
DA:6,1
DA:9,1
DA:10,1
DA:11,1
DA:12,0
DA:14,1
DA:21,1
DA:22,1
DA:23,1
DA:25,1
DA:26,0
DA:28,1
DA:34,1
DA:35,1
DA:37,1
DA:38,0
DA:40,1
DA:47,1
DA:49,1
DA:50,1
DA:51,1
DA:52,1
DA:53,1
DA:54,1
DA:55,1
DA:57,1
DA:60,1
DA:61,0
DA:63,1
DA:71,1
DA:73,1
DA:74,1
DA:75,1
DA:76,1
DA:77,1
DA:78,1
DA:79,1
DA:81,1
DA:84,1
DA:85,0
DA:87,1
DA:95,1
DA:97,1
DA:99,1
DA:102,1
DA:103,0
DA:105,1
LF:48
LH:42
BRDA:11,0,0,0
BRDA:11,0,1,1
BRDA:25,1,0,0
BRDA:25,1,1,1
BRDA:37,2,0,0
BRDA:37,2,1,1
BRDA:60,3,0,0
BRDA:60,3,1,1
BRDA:84,4,0,0
BRDA:84,4,1,1
BRDA:102,5,0,0
BRDA:102,5,1,1
BRF:12
BRH:6
end_of_record
TN:
SF:controller\controller_register.js
FN:11,(anonymous_0)
FN:16,(anonymous_1)
FN:23,(anonymous_2)
FN:34,(anonymous_3)
FN:50,(anonymous_4)
FN:56,(anonymous_5)
FNF:6
FNH:6
FNDA:2,(anonymous_0)
FNDA:2,(anonymous_1)
FNDA:1,(anonymous_2)
FNDA:1,(anonymous_3)
FNDA:1,(anonymous_4)
FNDA:1,(anonymous_5)
DA:4,1
DA:6,1
DA:8,1
DA:9,1
DA:11,1
DA:12,2
DA:17,2
DA:18,1
DA:23,1
DA:24,1
DA:25,0
DA:30,1
DA:35,1
DA:36,0
DA:38,1
DA:50,1
DA:52,1
DA:54,1
DA:57,1
DA:58,0
DA:60,1
LF:21
LH:18
BRDA:17,0,0,1
BRDA:17,0,1,1
BRDA:24,1,0,0
BRDA:24,1,1,1
BRDA:35,2,0,0
BRDA:35,2,1,1
BRDA:57,3,0,0
BRDA:57,3,1,1
BRF:8
BRH:5
end_of_record
TN:
SF:controller\controller_siswa.js
FN:9,(anonymous_0)
FN:38,(anonymous_1)
FN:48,(anonymous_2)
FN:63,(anonymous_3)
FN:73,(anonymous_4)
FN:88,(anonymous_5)
FN:98,(anonymous_6)
FN:100,(anonymous_7)
FN:110,(anonymous_8)
FN:112,(anonymous_9)
FN:122,(anonymous_10)
FN:124,(anonymous_11)
FN:134,(anonymous_12)
FN:136,(anonymous_13)
FN:147,(anonymous_14)
FN:180,(anonymous_15)
FN:192,(anonymous_16)
FN:225,(anonymous_17)
FN:237,(anonymous_18)
FN:243,(anonymous_19)
FNF:20
FNH:20
FNDA:2,(anonymous_0)
FNDA:2,(anonymous_1)
FNDA:1,(anonymous_2)
FNDA:1,(anonymous_3)
FNDA:1,(anonymous_4)
FNDA:1,(anonymous_5)
FNDA:1,(anonymous_6)
FNDA:1,(anonymous_7)
FNDA:1,(anonymous_8)
FNDA:1,(anonymous_9)
FNDA:1,(anonymous_10)
FNDA:1,(anonymous_11)
FNDA:1,(anonymous_12)
FNDA:1,(anonymous_13)
FNDA:1,(anonymous_14)
FNDA:1,(anonymous_15)
FNDA:2,(anonymous_16)
FNDA:2,(anonymous_17)
FNDA:1,(anonymous_18)
FNDA:1,(anonymous_19)
DA:4,1
DA:6,1
DA:9,1
DA:10,2
DA:11,2
DA:12,2
DA:13,2
DA:14,2
DA:25,2
DA:26,2
DA:27,1
DA:28,1
DA:30,2
DA:31,1
DA:32,1
DA:34,2
DA:35,1
DA:36,1
DA:38,2
DA:39,2
DA:40,0
DA:42,2
DA:48,1
DA:49,1
DA:50,1
DA:64,1
DA:65,0
DA:67,1
DA:73,1
DA:74,1
DA:89,1
DA:90,0
DA:92,1
DA:98,1
DA:99,1
DA:101,1
DA:102,0
DA:104,1
DA:110,1
DA:111,1
DA:113,1
DA:114,0
DA:116,1
DA:122,1
DA:123,1
DA:125,1
DA:126,0
DA:128,1
DA:134,1
DA:135,1
DA:137,1
DA:138,0
DA:140,1
DA:147,1
DA:149,1
DA:150,1
DA:151,1
DA:152,1
DA:153,1
DA:154,1
DA:155,1
DA:156,1
DA:157,1
DA:158,1
DA:159,1
DA:160,1
DA:161,1
DA:162,1
DA:163,1
DA:164,1
DA:165,1
DA:166,1
DA:167,1
DA:168,1
DA:169,1
DA:170,1
DA:171,1
DA:172,1
DA:173,1
DA:174,1
DA:175,1
DA:176,1
DA:178,1
DA:181,1
DA:182,0
DA:184,1
DA:192,1
DA:194,2
DA:195,2
DA:196,2
DA:197,2
DA:198,2
DA:199,2
DA:200,2
DA:201,2
DA:202,2
DA:203,2
DA:204,2
DA:205,2
DA:206,2
DA:207,2
DA:208,2
DA:209,2
DA:210,2
DA:211,2
DA:212,2
DA:213,2
DA:214,2
DA:215,2
DA:216,2
DA:217,2
DA:218,2
DA:219,2
DA:220,2
DA:221,2
DA:223,2
DA:226,2
DA:227,0
DA:229,2
DA:237,1
DA:239,1
DA:241,1
DA:244,1
DA:245,0
DA:247,1
LF:125
LH:115
BRDA:26,0,0,1
BRDA:26,0,1,1
BRDA:26,1,0,2
BRDA:26,1,1,1
BRDA:30,2,0,1
BRDA:30,2,1,1
BRDA:30,3,0,2
BRDA:30,3,1,1
BRDA:34,4,0,1
BRDA:34,4,1,1
BRDA:34,5,0,2
BRDA:34,5,1,1
BRDA:39,6,0,0
BRDA:39,6,1,2
BRDA:64,7,0,0
BRDA:64,7,1,1
BRDA:89,8,0,0
BRDA:89,8,1,1
BRDA:101,9,0,0
BRDA:101,9,1,1
BRDA:113,10,0,0
BRDA:113,10,1,1
BRDA:125,11,0,0
BRDA:125,11,1,1
BRDA:137,12,0,0
BRDA:137,12,1,1
BRDA:181,13,0,0
BRDA:181,13,1,1
BRDA:226,14,0,0
BRDA:226,14,1,2
BRDA:244,15,0,0
BRDA:244,15,1,1
BRF:32
BRH:22
end_of_record
TN:
SF:controller\controller_siswakeluar.js
FN:9,(anonymous_0)
FN:32,(anonymous_1)
FN:42,(anonymous_2)
FN:47,(anonymous_3)
FN:57,(anonymous_4)
FN:60,(anonymous_5)
FN:71,(anonymous_6)
FN:81,(anonymous_7)
FN:93,(anonymous_8)
FN:102,(anonymous_9)
FN:114,(anonymous_10)
FN:120,(anonymous_11)
FNF:12
FNH:10
FNDA:2,(anonymous_0)
FNDA:2,(anonymous_1)
FNDA:1,(anonymous_2)
FNDA:1,(anonymous_3)
FNDA:1,(anonymous_4)
FNDA:1,(anonymous_5)
FNDA:1,(anonymous_6)
FNDA:1,(anonymous_7)
FNDA:0,(anonymous_8)
FNDA:0,(anonymous_9)
FNDA:1,(anonymous_10)
FNDA:1,(anonymous_11)
DA:4,1
DA:6,1
DA:9,1
DA:10,2
DA:11,2
DA:12,2
DA:13,2
DA:14,2
DA:19,2
DA:20,2
DA:21,1
DA:22,1
DA:24,2
DA:25,1
DA:26,1
DA:28,2
DA:29,0
DA:30,0
DA:32,2
DA:33,2
DA:34,0
DA:36,2
DA:42,1
DA:43,1
DA:44,1
DA:48,1
DA:49,0
DA:51,1
DA:57,1
DA:58,1
DA:61,1
DA:62,0
DA:64,1
DA:71,1
DA:73,1
DA:74,1
DA:75,1
DA:76,1
DA:77,1
DA:79,1
DA:82,1
DA:83,0
DA:85,1
DA:93,1
DA:95,0
DA:96,0
DA:97,0
DA:98,0
DA:100,0
DA:103,0
DA:104,0
DA:106,0
DA:114,1
DA:116,1
DA:118,1
DA:121,1
DA:122,0
DA:124,1
LF:58
LH:43
BRDA:20,0,0,1
BRDA:20,0,1,1
BRDA:20,1,0,2
BRDA:20,1,1,1
BRDA:24,2,0,1
BRDA:24,2,1,1
BRDA:24,3,0,2
BRDA:24,3,1,1
BRDA:28,4,0,0
BRDA:28,4,1,2
BRDA:28,5,0,2
BRDA:28,5,1,0
BRDA:33,6,0,0
BRDA:33,6,1,2
BRDA:48,7,0,0
BRDA:48,7,1,1
BRDA:61,8,0,0
BRDA:61,8,1,1
BRDA:82,9,0,0
BRDA:82,9,1,1
BRDA:103,10,0,0
BRDA:103,10,1,0
BRDA:121,11,0,0
BRDA:121,11,1,1
BRF:24
BRH:15
end_of_record
TN:
SF:controller\controller_siswamasuk.js
FN:9,(anonymous_0)
FN:10,(anonymous_1)
FN:20,(anonymous_2)
FN:23,(anonymous_3)
FN:33,(anonymous_4)
FN:35,(anonymous_5)
FN:46,(anonymous_6)
FN:59,(anonymous_7)
FN:71,(anonymous_8)
FN:84,(anonymous_9)
FN:96,(anonymous_10)
FN:102,(anonymous_11)
FNF:12
FNH:12
FNDA:1,(anonymous_0)
FNDA:1,(anonymous_1)
FNDA:1,(anonymous_2)
FNDA:1,(anonymous_3)
FNDA:1,(anonymous_4)
FNDA:1,(anonymous_5)
FNDA:1,(anonymous_6)
FNDA:1,(anonymous_7)
FNDA:1,(anonymous_8)
FNDA:1,(anonymous_9)
FNDA:1,(anonymous_10)
FNDA:1,(anonymous_11)
DA:4,1
DA:6,1
DA:9,1
DA:10,1
DA:11,1
DA:12,0
DA:14,1
DA:20,1
DA:21,1
DA:22,1
DA:24,1
DA:25,0
DA:27,1
DA:33,1
DA:34,1
DA:36,1
DA:37,0
DA:39,1
DA:46,1
DA:48,1
DA:49,1
DA:50,1
DA:51,1
DA:52,1
DA:53,1
DA:54,1
DA:55,1
DA:57,1
DA:60,1
DA:61,0
DA:63,1
DA:71,1
DA:73,1
DA:74,1
DA:75,1
DA:76,1
DA:77,1
DA:78,1
DA:79,1
DA:80,1
DA:82,1
DA:85,1
DA:86,0
DA:88,1
DA:96,1
DA:98,1
DA:100,1
DA:103,1
DA:104,0
DA:106,1
LF:50
LH:44
BRDA:11,0,0,0
BRDA:11,0,1,1
BRDA:24,1,0,0
BRDA:24,1,1,1
BRDA:36,2,0,0
BRDA:36,2,1,1
BRDA:60,3,0,0
BRDA:60,3,1,1
BRDA:85,4,0,0
BRDA:85,4,1,1
BRDA:103,5,0,0
BRDA:103,5,1,1
BRF:12
BRH:6
end_of_record
TN:
SF:controller\controller_statustinggal.js
FN:9,(anonymous_0)
FN:10,(anonymous_1)
FN:20,(anonymous_2)
FN:23,(anonymous_3)
FN:34,(anonymous_4)
FN:40,(anonymous_5)
FN:52,(anonymous_6)
FN:59,(anonymous_7)
FN:71,(anonymous_8)
FN:77,(anonymous_9)
FNF:10
FNH:10
FNDA:1,(anonymous_0)
FNDA:1,(anonymous_1)
FNDA:1,(anonymous_2)
FNDA:1,(anonymous_3)
FNDA:1,(anonymous_4)
FNDA:1,(anonymous_5)
FNDA:1,(anonymous_6)
FNDA:1,(anonymous_7)
FNDA:1,(anonymous_8)
FNDA:1,(anonymous_9)
DA:4,1
DA:6,1
DA:9,1
DA:10,1
DA:11,1
DA:12,0
DA:14,1
DA:20,1
DA:21,1
DA:22,1
DA:24,1
DA:25,0
DA:27,1
DA:34,1
DA:36,1
DA:38,1
DA:41,1
DA:42,0
DA:44,1
DA:52,1
DA:54,1
DA:55,1
DA:57,1
DA:60,1
DA:61,0
DA:63,1
DA:71,1
DA:73,1
DA:75,1
DA:78,1
DA:79,0
DA:81,1
LF:32
LH:27
BRDA:11,0,0,0
BRDA:11,0,1,1
BRDA:24,1,0,0
BRDA:24,1,1,1
BRDA:41,2,0,0
BRDA:41,2,1,1
BRDA:60,3,0,0
BRDA:60,3,1,1
BRDA:78,4,0,0
BRDA:78,4,1,1
BRF:10
BRH:5
end_of_record
TN:
SF:controller\controller_transportasi.js
FN:9,(anonymous_0)
FN:10,(anonymous_1)
FN:20,(anonymous_2)
FN:23,(anonymous_3)
FN:34,(anonymous_4)
FN:40,(anonymous_5)
FN:52,(anonymous_6)
FN:59,(anonymous_7)
FN:71,(anonymous_8)
FN:77,(anonymous_9)
FNF:10
FNH:10
FNDA:1,(anonymous_0)
FNDA:1,(anonymous_1)
FNDA:1,(anonymous_2)
FNDA:1,(anonymous_3)
FNDA:1,(anonymous_4)
FNDA:1,(anonymous_5)
FNDA:1,(anonymous_6)
FNDA:1,(anonymous_7)
FNDA:1,(anonymous_8)
FNDA:1,(anonymous_9)
DA:4,1
DA:6,1
DA:9,1
DA:10,1
DA:11,1
DA:12,0
DA:14,1
DA:20,1
DA:21,1
DA:22,1
DA:24,1
DA:25,0
DA:27,1
DA:34,1
DA:36,1
DA:38,1
DA:41,1
DA:42,0
DA:44,1
DA:52,1
DA:54,1
DA:55,1
DA:57,1
DA:60,1
DA:61,0
DA:63,1
DA:71,1
DA:73,1
DA:75,1
DA:78,1
DA:79,0
DA:81,1
LF:32
LH:27
BRDA:11,0,0,0
BRDA:11,0,1,1
BRDA:24,1,0,0
BRDA:24,1,1,1
BRDA:41,2,0,0
BRDA:41,2,1,1
BRDA:60,3,0,0
BRDA:60,3,1,1
BRDA:78,4,0,0
BRDA:78,4,1,1
BRF:10
BRH:5
end_of_record
TN:
SF:controller\controller_wali.js
FN:9,(anonymous_0)
FN:34,(anonymous_1)
FN:44,(anonymous_2)
FN:49,(anonymous_3)
FN:59,(anonymous_4)
FN:61,(anonymous_5)
FN:72,(anonymous_6)
FN:86,(anonymous_7)
FN:98,(anonymous_8)
FN:112,(anonymous_9)
FN:124,(anonymous_10)
FN:130,(anonymous_11)
FNF:12
FNH:12
FNDA:2,(anonymous_0)
FNDA:2,(anonymous_1)
FNDA:1,(anonymous_2)
FNDA:1,(anonymous_3)
FNDA:1,(anonymous_4)
FNDA:1,(anonymous_5)
FNDA:1,(anonymous_6)
FNDA:1,(anonymous_7)
FNDA:1,(anonymous_8)
FNDA:1,(anonymous_9)
FNDA:1,(anonymous_10)
FNDA:1,(anonymous_11)
DA:4,1
DA:6,1
DA:9,1
DA:10,2
DA:11,2
DA:12,2
DA:13,2
DA:14,2
DA:21,2
DA:22,2
DA:23,1
DA:24,1
DA:26,2
DA:27,1
DA:28,1
DA:30,2
DA:31,1
DA:32,1
DA:34,2
DA:35,2
DA:36,0
DA:38,2
DA:44,1
DA:45,1
DA:46,1
DA:50,1
DA:51,0
DA:53,1
DA:59,1
DA:60,1
DA:62,1
DA:63,0
DA:65,1
DA:72,1
DA:74,1
DA:75,1
DA:76,1
DA:77,1
DA:78,1
DA:79,1
DA:80,1
DA:81,1
DA:82,1
DA:84,1
DA:87,1
DA:88,0
DA:90,1
DA:98,1
DA:100,1
DA:101,1
DA:102,1
DA:103,1
DA:104,1
DA:105,1
DA:106,1
DA:107,1
DA:108,1
DA:110,1
DA:113,1
DA:114,0
DA:116,1
DA:124,1
DA:126,1
DA:128,1
DA:131,1
DA:132,0
DA:134,1
LF:67
LH:61
BRDA:22,0,0,1
BRDA:22,0,1,1
BRDA:22,1,0,2
BRDA:22,1,1,1
BRDA:26,2,0,1
BRDA:26,2,1,1
BRDA:26,3,0,2
BRDA:26,3,1,1
BRDA:30,4,0,1
BRDA:30,4,1,1
BRDA:30,5,0,2
BRDA:30,5,1,1
BRDA:35,6,0,0
BRDA:35,6,1,2
BRDA:50,7,0,0
BRDA:50,7,1,1
BRDA:62,8,0,0
BRDA:62,8,1,1
BRDA:87,9,0,0
BRDA:87,9,1,1
BRDA:113,10,0,0
BRDA:113,10,1,1
BRDA:131,11,0,0
BRDA:131,11,1,1
BRF:24
BRH:18
end_of_record
TN:
SF:middleware\login.js
FN:9,(anonymous_0)
FNF:1
FNH:1
FNDA:228,(anonymous_0)
DA:3,1
DA:5,1
DA:10,228
DA:11,228
DA:12,123
DA:16,123
DA:17,123
DA:19,105
LF:8
LH:8
BRF:0
BRH:0
end_of_record
TN:
SF:middleware\users.js
FN:7,(anonymous_0)
FNF:1
FNH:1
FNDA:5,(anonymous_0)
DA:3,1
DA:5,1
DA:9,5
DA:10,1
DA:16,4
DA:17,1
DA:23,3
DA:27,1
DA:32,2
LF:9
LH:9
BRDA:9,0,0,1
BRDA:9,0,1,4
BRDA:9,1,0,5
BRDA:9,1,1,5
BRDA:16,2,0,1
BRDA:16,2,1,3
BRDA:16,3,0,4
BRDA:16,3,1,4
BRDA:23,4,0,1
BRDA:23,4,1,2
BRDA:24,5,0,3
BRDA:24,5,1,3
BRF:12
BRH:12
end_of_record
