{"D:\\Dokumen PT. BSP - Permadi Eka Permana\\Working Report\\fullstack-node-vue-jwt\\backend\\index.js":{"path":"D:\\Dokumen PT. BSP - Permadi Eka Permana\\Working Report\\fullstack-node-vue-jwt\\backend\\index.js","statementMap":{"0":{"start":{"line":2,"column":16},"end":{"line":2,"column":34}},"1":{"start":{"line":4,"column":19},"end":{"line":4,"column":41}},"2":{"start":{"line":6,"column":13},"end":{"line":6,"column":28}},"3":{"start":{"line":8,"column":12},"end":{"line":8,"column":21}},"4":{"start":{"line":10,"column":0},"end":{"line":10,"column":16}},"5":{"start":{"line":13,"column":0},"end":{"line":13,"column":49}},"6":{"start":{"line":15,"column":0},"end":{"line":15,"column":27}},"7":{"start":{"line":18,"column":13},"end":{"line":18,"column":32}},"8":{"start":{"line":19,"column":0},"end":{"line":19,"column":12}},"9":{"start":{"line":22,"column":0},"end":{"line":24,"column":3}},"10":{"start":{"line":23,"column":4},"end":{"line":23,"column":47}},"11":{"start":{"line":26,"column":0},"end":{"line":26,"column":21}}},"fnMap":{"0":{"name":"(anonymous_0)","decl":{"start":{"line":22,"column":17},"end":{"line":22,"column":18}},"loc":{"start":{"line":22,"column":23},"end":{"line":24,"column":1}},"line":22}},"branchMap":{},"s":{"0":1,"1":1,"2":1,"3":1,"4":1,"5":1,"6":1,"7":1,"8":1,"9":1,"10":1,"11":1},"f":{"0":1},"b":{},"_coverageSchema":"1a1c01bbd47fc00a2c39e90264f33305004495a9","hash":"07191716c92515045d3e33bab22a545f4176d1e1","contentHash":"ff590b988fe3b1648d42f59626f1be1c383bf7ccb59145cb9231f8619ac7bf76"},"D:\\Dokumen PT. BSP - Permadi Eka Permana\\Working Report\\fullstack-node-vue-jwt\\backend\\routes.js":{"path":"D:\\Dokumen PT. BSP - Permadi Eka Permana\\Working Report\\fullstack-node-vue-jwt\\backend\\routes.js","statementMap":{"0":{"start":{"line":3,"column":17},"end":{"line":3,"column":39}},"1":{"start":{"line":5,"column":15},"end":{"line":5,"column":34}},"2":{"start":{"line":6,"column":13},"end":{"line":6,"column":28}},"3":{"start":{"line":7,"column":12},"end":{"line":7,"column":35}},"4":{"start":{"line":9,"column":23},"end":{"line":9,"column":55}},"5":{"start":{"line":10,"column":24},"end":{"line":10,"column":56}},"6":{"start":{"line":12,"column":15},"end":{"line":12,"column":36}},"7":{"start":{"line":13,"column":11},"end":{"line":13,"column":37}},"8":{"start":{"line":16,"column":0},"end":{"line":297,"column":1}},"9":{"start":{"line":18,"column":28},"end":{"line":18,"column":70}},"10":{"start":{"line":19,"column":26},"end":{"line":19,"column":66}},"11":{"start":{"line":20,"column":25},"end":{"line":20,"column":64}},"12":{"start":{"line":21,"column":25},"end":{"line":21,"column":64}},"13":{"start":{"line":22,"column":35},"end":{"line":22,"column":87}},"14":{"start":{"line":23,"column":35},"end":{"line":23,"column":84}},"15":{"start":{"line":24,"column":32},"end":{"line":24,"column":78}},"16":{"start":{"line":25,"column":24},"end":{"line":25,"column":62}},"17":{"start":{"line":26,"column":32},"end":{"line":26,"column":78}},"18":{"start":{"line":27,"column":30},"end":{"line":27,"column":74}},"19":{"start":{"line":28,"column":30},"end":{"line":28,"column":74}},"20":{"start":{"line":29,"column":30},"end":{"line":29,"column":74}},"21":{"start":{"line":30,"column":31},"end":{"line":30,"column":76}},"22":{"start":{"line":31,"column":32},"end":{"line":31,"column":78}},"23":{"start":{"line":32,"column":24},"end":{"line":32,"column":62}},"24":{"start":{"line":33,"column":33},"end":{"line":33,"column":80}},"25":{"start":{"line":34,"column":26},"end":{"line":34,"column":66}},"26":{"start":{"line":35,"column":32},"end":{"line":35,"column":78}},"27":{"start":{"line":36,"column":31},"end":{"line":36,"column":76}},"28":{"start":{"line":37,"column":34},"end":{"line":37,"column":82}},"29":{"start":{"line":38,"column":33},"end":{"line":38,"column":80}},"30":{"start":{"line":39,"column":25},"end":{"line":39,"column":64}},"31":{"start":{"line":40,"column":29},"end":{"line":40,"column":72}},"32":{"start":{"line":41,"column":26},"end":{"line":41,"column":66}},"33":{"start":{"line":43,"column":4},"end":{"line":45,"column":7}},"34":{"start":{"line":44,"column":8},"end":{"line":44,"column":83}},"35":{"start":{"line":47,"column":4},"end":{"line":47,"column":97}},"36":{"start":{"line":48,"column":4},"end":{"line":48,"column":79}},"37":{"start":{"line":53,"column":4},"end":{"line":53,"column":56}},"38":{"start":{"line":56,"column":4},"end":{"line":56,"column":76}},"39":{"start":{"line":60,"column":4},"end":{"line":60,"column":88}},"40":{"start":{"line":62,"column":4},"end":{"line":62,"column":85}},"41":{"start":{"line":64,"column":4},"end":{"line":64,"column":85}},"42":{"start":{"line":66,"column":4},"end":{"line":66,"column":115}},"43":{"start":{"line":68,"column":4},"end":{"line":68,"column":115}},"44":{"start":{"line":70,"column":4},"end":{"line":70,"column":106}},"45":{"start":{"line":72,"column":4},"end":{"line":72,"column":82}},"46":{"start":{"line":74,"column":4},"end":{"line":74,"column":106}},"47":{"start":{"line":76,"column":4},"end":{"line":76,"column":100}},"48":{"start":{"line":78,"column":4},"end":{"line":78,"column":100}},"49":{"start":{"line":80,"column":4},"end":{"line":80,"column":100}},"50":{"start":{"line":82,"column":4},"end":{"line":82,"column":103}},"51":{"start":{"line":84,"column":4},"end":{"line":84,"column":106}},"52":{"start":{"line":86,"column":4},"end":{"line":86,"column":82}},"53":{"start":{"line":88,"column":4},"end":{"line":88,"column":109}},"54":{"start":{"line":90,"column":4},"end":{"line":90,"column":88}},"55":{"start":{"line":92,"column":4},"end":{"line":92,"column":106}},"56":{"start":{"line":94,"column":4},"end":{"line":94,"column":103}},"57":{"start":{"line":96,"column":4},"end":{"line":96,"column":112}},"58":{"start":{"line":98,"column":4},"end":{"line":98,"column":109}},"59":{"start":{"line":100,"column":4},"end":{"line":100,"column":85}},"60":{"start":{"line":102,"column":4},"end":{"line":102,"column":98}},"61":{"start":{"line":104,"column":4},"end":{"line":104,"column":100}},"62":{"start":{"line":106,"column":4},"end":{"line":106,"column":100}},"63":{"start":{"line":108,"column":4},"end":{"line":108,"column":98}},"64":{"start":{"line":111,"column":4},"end":{"line":111,"column":102}},"65":{"start":{"line":113,"column":4},"end":{"line":113,"column":98}},"66":{"start":{"line":115,"column":4},"end":{"line":115,"column":98}},"67":{"start":{"line":117,"column":4},"end":{"line":117,"column":139}},"68":{"start":{"line":119,"column":4},"end":{"line":119,"column":138}},"69":{"start":{"line":121,"column":4},"end":{"line":121,"column":126}},"70":{"start":{"line":123,"column":4},"end":{"line":123,"column":94}},"71":{"start":{"line":125,"column":4},"end":{"line":125,"column":126}},"72":{"start":{"line":127,"column":4},"end":{"line":127,"column":118}},"73":{"start":{"line":129,"column":4},"end":{"line":129,"column":118}},"74":{"start":{"line":131,"column":4},"end":{"line":131,"column":118}},"75":{"start":{"line":133,"column":4},"end":{"line":133,"column":122}},"76":{"start":{"line":135,"column":4},"end":{"line":135,"column":126}},"77":{"start":{"line":137,"column":4},"end":{"line":137,"column":94}},"78":{"start":{"line":139,"column":4},"end":{"line":139,"column":123}},"79":{"start":{"line":141,"column":4},"end":{"line":141,"column":102}},"80":{"start":{"line":143,"column":4},"end":{"line":143,"column":120}},"81":{"start":{"line":145,"column":4},"end":{"line":145,"column":117}},"82":{"start":{"line":147,"column":4},"end":{"line":147,"column":134}},"83":{"start":{"line":149,"column":4},"end":{"line":149,"column":130}},"84":{"start":{"line":151,"column":4},"end":{"line":151,"column":98}},"85":{"start":{"line":154,"column":4},"end":{"line":154,"column":95}},"86":{"start":{"line":156,"column":4},"end":{"line":156,"column":92}},"87":{"start":{"line":158,"column":4},"end":{"line":158,"column":95}},"88":{"start":{"line":160,"column":4},"end":{"line":160,"column":98}},"89":{"start":{"line":162,"column":4},"end":{"line":162,"column":116}},"90":{"start":{"line":164,"column":4},"end":{"line":164,"column":119}},"91":{"start":{"line":166,"column":4},"end":{"line":166,"column":113}},"92":{"start":{"line":169,"column":4},"end":{"line":169,"column":87}},"93":{"start":{"line":171,"column":4},"end":{"line":171,"column":84}},"94":{"start":{"line":173,"column":4},"end":{"line":173,"column":84}},"95":{"start":{"line":175,"column":4},"end":{"line":175,"column":114}},"96":{"start":{"line":177,"column":4},"end":{"line":177,"column":114}},"97":{"start":{"line":179,"column":4},"end":{"line":179,"column":105}},"98":{"start":{"line":181,"column":4},"end":{"line":181,"column":81}},"99":{"start":{"line":183,"column":4},"end":{"line":183,"column":105}},"100":{"start":{"line":185,"column":4},"end":{"line":185,"column":99}},"101":{"start":{"line":187,"column":4},"end":{"line":187,"column":99}},"102":{"start":{"line":189,"column":4},"end":{"line":189,"column":99}},"103":{"start":{"line":191,"column":4},"end":{"line":191,"column":102}},"104":{"start":{"line":193,"column":4},"end":{"line":193,"column":105}},"105":{"start":{"line":195,"column":4},"end":{"line":195,"column":81}},"106":{"start":{"line":197,"column":4},"end":{"line":197,"column":108}},"107":{"start":{"line":199,"column":4},"end":{"line":199,"column":87}},"108":{"start":{"line":201,"column":4},"end":{"line":201,"column":105}},"109":{"start":{"line":203,"column":4},"end":{"line":203,"column":102}},"110":{"start":{"line":205,"column":4},"end":{"line":205,"column":111}},"111":{"start":{"line":207,"column":4},"end":{"line":207,"column":108}},"112":{"start":{"line":209,"column":4},"end":{"line":209,"column":84}},"113":{"start":{"line":212,"column":4},"end":{"line":212,"column":92}},"114":{"start":{"line":214,"column":4},"end":{"line":214,"column":89}},"115":{"start":{"line":216,"column":4},"end":{"line":216,"column":89}},"116":{"start":{"line":218,"column":4},"end":{"line":218,"column":119}},"117":{"start":{"line":220,"column":4},"end":{"line":220,"column":119}},"118":{"start":{"line":222,"column":4},"end":{"line":222,"column":110}},"119":{"start":{"line":224,"column":4},"end":{"line":224,"column":86}},"120":{"start":{"line":226,"column":4},"end":{"line":226,"column":110}},"121":{"start":{"line":228,"column":4},"end":{"line":228,"column":104}},"122":{"start":{"line":230,"column":4},"end":{"line":230,"column":104}},"123":{"start":{"line":232,"column":4},"end":{"line":232,"column":104}},"124":{"start":{"line":234,"column":4},"end":{"line":234,"column":107}},"125":{"start":{"line":236,"column":4},"end":{"line":236,"column":110}},"126":{"start":{"line":238,"column":4},"end":{"line":238,"column":86}},"127":{"start":{"line":240,"column":4},"end":{"line":240,"column":113}},"128":{"start":{"line":242,"column":4},"end":{"line":242,"column":92}},"129":{"start":{"line":244,"column":4},"end":{"line":244,"column":110}},"130":{"start":{"line":246,"column":4},"end":{"line":246,"column":107}},"131":{"start":{"line":248,"column":4},"end":{"line":248,"column":116}},"132":{"start":{"line":250,"column":4},"end":{"line":250,"column":113}},"133":{"start":{"line":252,"column":4},"end":{"line":252,"column":89}},"134":{"start":{"line":255,"column":4},"end":{"line":255,"column":105}},"135":{"start":{"line":257,"column":4},"end":{"line":257,"column":101}},"136":{"start":{"line":259,"column":4},"end":{"line":259,"column":101}},"137":{"start":{"line":261,"column":4},"end":{"line":261,"column":142}},"138":{"start":{"line":263,"column":4},"end":{"line":263,"column":141}},"139":{"start":{"line":265,"column":4},"end":{"line":265,"column":126}},"140":{"start":{"line":267,"column":4},"end":{"line":267,"column":97}},"141":{"start":{"line":269,"column":4},"end":{"line":269,"column":129}},"142":{"start":{"line":271,"column":4},"end":{"line":271,"column":121}},"143":{"start":{"line":273,"column":4},"end":{"line":273,"column":121}},"144":{"start":{"line":275,"column":4},"end":{"line":275,"column":121}},"145":{"start":{"line":277,"column":4},"end":{"line":277,"column":125}},"146":{"start":{"line":279,"column":4},"end":{"line":279,"column":129}},"147":{"start":{"line":281,"column":4},"end":{"line":281,"column":97}},"148":{"start":{"line":283,"column":4},"end":{"line":283,"column":126}},"149":{"start":{"line":285,"column":4},"end":{"line":285,"column":105}},"150":{"start":{"line":287,"column":4},"end":{"line":287,"column":120}},"151":{"start":{"line":289,"column":4},"end":{"line":289,"column":129}},"152":{"start":{"line":291,"column":4},"end":{"line":291,"column":137}},"153":{"start":{"line":293,"column":4},"end":{"line":293,"column":133}},"154":{"start":{"line":295,"column":4},"end":{"line":295,"column":101}}},"fnMap":{"0":{"name":"(anonymous_0)","decl":{"start":{"line":16,"column":17},"end":{"line":16,"column":18}},"loc":{"start":{"line":16,"column":31},"end":{"line":297,"column":1}},"line":16},"1":{"name":"(anonymous_1)","decl":{"start":{"line":43,"column":91},"end":{"line":43,"column":92}},"loc":{"start":{"line":43,"column":111},"end":{"line":45,"column":5}},"line":43}},"branchMap":{},"s":{"0":1,"1":1,"2":1,"3":1,"4":1,"5":1,"6":1,"7":1,"8":1,"9":1,"10":1,"11":1,"12":1,"13":1,"14":1,"15":1,"16":1,"17":1,"18":1,"19":1,"20":1,"21":1,"22":1,"23":1,"24":1,"25":1,"26":1,"27":1,"28":1,"29":1,"30":1,"31":1,"32":1,"33":1,"34":0,"35":1,"36":1,"37":1,"38":1,"39":1,"40":1,"41":1,"42":1,"43":1,"44":1,"45":1,"46":1,"47":1,"48":1,"49":1,"50":1,"51":1,"52":1,"53":1,"54":1,"55":1,"56":1,"57":1,"58":1,"59":1,"60":1,"61":1,"62":1,"63":1,"64":1,"65":1,"66":1,"67":1,"68":1,"69":1,"70":1,"71":1,"72":1,"73":1,"74":1,"75":1,"76":1,"77":1,"78":1,"79":1,"80":1,"81":1,"82":1,"83":1,"84":1,"85":1,"86":1,"87":1,"88":1,"89":1,"90":1,"91":1,"92":1,"93":1,"94":1,"95":1,"96":1,"97":1,"98":1,"99":1,"100":1,"101":1,"102":1,"103":1,"104":1,"105":1,"106":1,"107":1,"108":1,"109":1,"110":1,"111":1,"112":1,"113":1,"114":1,"115":1,"116":1,"117":1,"118":1,"119":1,"120":1,"121":1,"122":1,"123":1,"124":1,"125":1,"126":1,"127":1,"128":1,"129":1,"130":1,"131":1,"132":1,"133":1,"134":1,"135":1,"136":1,"137":1,"138":1,"139":1,"140":1,"141":1,"142":1,"143":1,"144":1,"145":1,"146":1,"147":1,"148":1,"149":1,"150":1,"151":1,"152":1,"153":1,"154":1},"f":{"0":1,"1":0},"b":{},"_coverageSchema":"1a1c01bbd47fc00a2c39e90264f33305004495a9","hash":"a16f4636a3fd61b7fd0e4532e3bd55354571a6b3","contentHash":"6674de91a484c7787263eda64b22c9e98561924c96018c455d12d2ed69830158"},"D:\\Dokumen PT. BSP - Permadi Eka Permana\\Working Report\\fullstack-node-vue-jwt\\backend\\middleware\\users.js":{"path":"D:\\Dokumen PT. BSP - Permadi Eka Permana\\Working Report\\fullstack-node-vue-jwt\\backend\\middleware\\users.js","statementMap":{"0":{"start":{"line":3,"column":12},"end":{"line":3,"column":35}},"1":{"start":{"line":5,"column":0},"end":{"line":35,"column":2}},"2":{"start":{"line":9,"column":4},"end":{"line":13,"column":5}},"3":{"start":{"line":10,"column":8},"end":{"line":12,"column":11}},"4":{"start":{"line":16,"column":4},"end":{"line":20,"column":5}},"5":{"start":{"line":17,"column":8},"end":{"line":19,"column":11}},"6":{"start":{"line":23,"column":4},"end":{"line":30,"column":5}},"7":{"start":{"line":27,"column":8},"end":{"line":29,"column":11}},"8":{"start":{"line":32,"column":4},"end":{"line":32,"column":11}}},"fnMap":{"0":{"name":"(anonymous_0)","decl":{"start":{"line":7,"column":22},"end":{"line":7,"column":23}},"loc":{"start":{"line":7,"column":42},"end":{"line":33,"column":5}},"line":7}},"branchMap":{"0":{"loc":{"start":{"line":9,"column":4},"end":{"line":13,"column":5}},"type":"if","locations":[{"start":{"line":9,"column":4},"end":{"line":13,"column":5}},{"start":{"line":9,"column":4},"end":{"line":13,"column":5}}],"line":9},"1":{"loc":{"start":{"line":9,"column":8},"end":{"line":9,"column":58}},"type":"binary-expr","locations":[{"start":{"line":9,"column":8},"end":{"line":9,"column":26}},{"start":{"line":9,"column":30},"end":{"line":9,"column":58}}],"line":9},"2":{"loc":{"start":{"line":16,"column":4},"end":{"line":20,"column":5}},"type":"if","locations":[{"start":{"line":16,"column":4},"end":{"line":20,"column":5}},{"start":{"line":16,"column":4},"end":{"line":20,"column":5}}],"line":16},"3":{"loc":{"start":{"line":16,"column":8},"end":{"line":16,"column":58}},"type":"binary-expr","locations":[{"start":{"line":16,"column":8},"end":{"line":16,"column":26}},{"start":{"line":16,"column":30},"end":{"line":16,"column":58}}],"line":16},"4":{"loc":{"start":{"line":23,"column":4},"end":{"line":30,"column":5}},"type":"if","locations":[{"start":{"line":23,"column":4},"end":{"line":30,"column":5}},{"start":{"line":23,"column":4},"end":{"line":30,"column":5}}],"line":23},"5":{"loc":{"start":{"line":24,"column":8},"end":{"line":25,"column":53}},"type":"binary-expr","locations":[{"start":{"line":24,"column":8},"end":{"line":24,"column":33}},{"start":{"line":25,"column":8},"end":{"line":25,"column":53}}],"line":24}},"s":{"0":1,"1":1,"2":5,"3":1,"4":4,"5":1,"6":3,"7":1,"8":2},"f":{"0":5},"b":{"0":[1,4],"1":[5,5],"2":[1,3],"3":[4,4],"4":[1,2],"5":[3,3]},"_coverageSchema":"1a1c01bbd47fc00a2c39e90264f33305004495a9","hash":"e981c7d320ef10a9216c45bdcc332ca1aa5a0b1d","contentHash":"69e3efbdca53bc68d2f3ee2b227ca258846e7bf5024fdab37788cad977bd63a3"},"D:\\Dokumen PT. BSP - Permadi Eka Permana\\Working Report\\fullstack-node-vue-jwt\\backend\\middleware\\login.js":{"path":"D:\\Dokumen PT. BSP - Permadi Eka Permana\\Working Report\\fullstack-node-vue-jwt\\backend\\middleware\\login.js","statementMap":{"0":{"start":{"line":3,"column":12},"end":{"line":3,"column":35}},"1":{"start":{"line":5,"column":0},"end":{"line":25,"column":2}},"2":{"start":{"line":10,"column":4},"end":{"line":22,"column":5}},"3":{"start":{"line":11,"column":22},"end":{"line":11,"column":61}},"4":{"start":{"line":12,"column":24},"end":{"line":15,"column":9}},"5":{"start":{"line":16,"column":8},"end":{"line":16,"column":31}},"6":{"start":{"line":17,"column":8},"end":{"line":17,"column":15}},"7":{"start":{"line":19,"column":8},"end":{"line":21,"column":11}}},"fnMap":{"0":{"name":"(anonymous_0)","decl":{"start":{"line":9,"column":12},"end":{"line":9,"column":13}},"loc":{"start":{"line":9,"column":32},"end":{"line":23,"column":1}},"line":9}},"branchMap":{},"s":{"0":1,"1":1,"2":228,"3":228,"4":123,"5":123,"6":123,"7":105},"f":{"0":228},"b":{},"_coverageSchema":"1a1c01bbd47fc00a2c39e90264f33305004495a9","hash":"03828500ce481d6667c51278df3817a0b7aa3694","contentHash":"14b3752d7b72fa71750b383b5dac9a8cb3967109598ab10bf7ac4f8e08385165"},"D:\\Dokumen PT. BSP - Permadi Eka Permana\\Working Report\\fullstack-node-vue-jwt\\backend\\response.js":{"path":"D:\\Dokumen PT. BSP - Permadi Eka Permana\\Working Report\\fullstack-node-vue-jwt\\backend\\response.js","statementMap":{"0":{"start":{"line":5,"column":0},"end":{"line":12,"column":1}},"1":{"start":{"line":6,"column":15},"end":{"line":9,"column":5}},"2":{"start":{"line":10,"column":5},"end":{"line":10,"column":20}},"3":{"start":{"line":11,"column":5},"end":{"line":11,"column":15}}},"fnMap":{"0":{"name":"(anonymous_0)","decl":{"start":{"line":5,"column":13},"end":{"line":5,"column":14}},"loc":{"start":{"line":5,"column":34},"end":{"line":12,"column":1}},"line":5}},"branchMap":{},"s":{"0":1,"1":125,"2":125,"3":124},"f":{"0":125},"b":{},"_coverageSchema":"1a1c01bbd47fc00a2c39e90264f33305004495a9","hash":"5e165b368a3eae07f37bed7bb6500de3268e300b","contentHash":"9bfc5bb85c0d32c8f02ffc21cdd4934cd3d3afd587fd708c26fbbd3f6c6f493a"},"D:\\Dokumen PT. BSP - Permadi Eka Permana\\Working Report\\fullstack-node-vue-jwt\\backend\\connection.js":{"path":"D:\\Dokumen PT. BSP - Permadi Eka Permana\\Working Report\\fullstack-node-vue-jwt\\backend\\connection.js","statementMap":{"0":{"start":{"line":2,"column":12},"end":{"line":2,"column":28}},"1":{"start":{"line":5,"column":13},"end":{"line":10,"column":2}},"2":{"start":{"line":19,"column":0},"end":{"line":19,"column":22}}},"fnMap":{},"branchMap":{},"s":{"0":1,"1":1,"2":1},"f":{},"b":{},"_coverageSchema":"1a1c01bbd47fc00a2c39e90264f33305004495a9","hash":"7653fa9096344a1f0d46f17d7ed6775fafc35350","contentHash":"641239ede40376b3bbaa1429c9f3a02b2de7aea4ea7dc2e286445a080f331ca5"},"D:\\Dokumen PT. BSP - Permadi Eka Permana\\Working Report\\fullstack-node-vue-jwt\\backend\\controller\\controller_default.js":{"path":"D:\\Dokumen PT. BSP - Permadi Eka Permana\\Working Report\\fullstack-node-vue-jwt\\backend\\controller\\controller_default.js","statementMap":{"0":{"start":{"line":4,"column":15},"end":{"line":4,"column":39}},"1":{"start":{"line":6,"column":17},"end":{"line":6,"column":43}},"2":{"start":{"line":8,"column":0},"end":{"line":10,"column":2}},"3":{"start":{"line":9,"column":4},"end":{"line":9,"column":55}}},"fnMap":{"0":{"name":"(anonymous_0)","decl":{"start":{"line":8,"column":16},"end":{"line":8,"column":17}},"loc":{"start":{"line":8,"column":33},"end":{"line":10,"column":1}},"line":8}},"branchMap":{},"s":{"0":1,"1":1,"2":1,"3":0},"f":{"0":0},"b":{},"_coverageSchema":"1a1c01bbd47fc00a2c39e90264f33305004495a9","hash":"b95749d6b40534afe84e7549adafb9bf0f9f4c56","contentHash":"cbf3d49c30d469d30e0388b50db2788841b8aefdcaf7009ea8a7add651f047e4"},"D:\\Dokumen PT. BSP - Permadi Eka Permana\\Working Report\\fullstack-node-vue-jwt\\backend\\controller\\controller_agama.js":{"path":"D:\\Dokumen PT. BSP - Permadi Eka Permana\\Working Report\\fullstack-node-vue-jwt\\backend\\controller\\controller_agama.js","statementMap":{"0":{"start":{"line":4,"column":15},"end":{"line":4,"column":39}},"1":{"start":{"line":6,"column":17},"end":{"line":6,"column":43}},"2":{"start":{"line":7,"column":24},"end":{"line":7,"column":59}},"3":{"start":{"line":10,"column":0},"end":{"line":26,"column":2}},"4":{"start":{"line":11,"column":23},"end":{"line":11,"column":38}},"5":{"start":{"line":12,"column":16},"end":{"line":12,"column":40}},"6":{"start":{"line":13,"column":16},"end":{"line":13,"column":49}},"7":{"start":{"line":14,"column":16},"end":{"line":14,"column":18}},"8":{"start":{"line":15,"column":4},"end":{"line":18,"column":5}},"9":{"start":{"line":16,"column":8},"end":{"line":16,"column":43}},"10":{"start":{"line":17,"column":8},"end":{"line":17,"column":25}},"11":{"start":{"line":19,"column":4},"end":{"line":25,"column":7}},"12":{"start":{"line":20,"column":4},"end":{"line":24,"column":5}},"13":{"start":{"line":21,"column":8},"end":{"line":21,"column":30}},"14":{"start":{"line":23,"column":8},"end":{"line":23,"column":29}},"15":{"start":{"line":29,"column":0},"end":{"line":40,"column":2}},"16":{"start":{"line":30,"column":19},"end":{"line":30,"column":38}},"17":{"start":{"line":31,"column":4},"end":{"line":39,"column":6}},"18":{"start":{"line":33,"column":12},"end":{"line":37,"column":13}},"19":{"start":{"line":34,"column":16},"end":{"line":34,"column":38}},"20":{"start":{"line":36,"column":16},"end":{"line":36,"column":37}},"21":{"start":{"line":43,"column":0},"end":{"line":58,"column":2}},"22":{"start":{"line":45,"column":16},"end":{"line":45,"column":30}},"23":{"start":{"line":47,"column":4},"end":{"line":56,"column":6}},"24":{"start":{"line":50,"column":12},"end":{"line":54,"column":13}},"25":{"start":{"line":51,"column":16},"end":{"line":51,"column":35}},"26":{"start":{"line":53,"column":16},"end":{"line":53,"column":64}},"27":{"start":{"line":61,"column":0},"end":{"line":77,"column":2}},"28":{"start":{"line":63,"column":19},"end":{"line":63,"column":36}},"29":{"start":{"line":64,"column":16},"end":{"line":64,"column":30}},"30":{"start":{"line":66,"column":4},"end":{"line":76,"column":6}},"31":{"start":{"line":69,"column":12},"end":{"line":73,"column":13}},"32":{"start":{"line":70,"column":16},"end":{"line":70,"column":35}},"33":{"start":{"line":72,"column":16},"end":{"line":72,"column":62}},"34":{"start":{"line":80,"column":0},"end":{"line":96,"column":2}},"35":{"start":{"line":82,"column":19},"end":{"line":82,"column":38}},"36":{"start":{"line":84,"column":4},"end":{"line":94,"column":6}},"37":{"start":{"line":87,"column":12},"end":{"line":91,"column":13}},"38":{"start":{"line":88,"column":16},"end":{"line":88,"column":35}},"39":{"start":{"line":90,"column":16},"end":{"line":90,"column":62}}},"fnMap":{"0":{"name":"(anonymous_0)","decl":{"start":{"line":10,"column":20},"end":{"line":10,"column":21}},"loc":{"start":{"line":10,"column":37},"end":{"line":26,"column":1}},"line":10},"1":{"name":"(anonymous_1)","decl":{"start":{"line":19,"column":35},"end":{"line":19,"column":36}},"loc":{"start":{"line":19,"column":63},"end":{"line":25,"column":5}},"line":19},"2":{"name":"(anonymous_2)","decl":{"start":{"line":29,"column":24},"end":{"line":29,"column":25}},"loc":{"start":{"line":29,"column":41},"end":{"line":40,"column":1}},"line":29},"3":{"name":"(anonymous_3)","decl":{"start":{"line":32,"column":8},"end":{"line":32,"column":9}},"loc":{"start":{"line":32,"column":36},"end":{"line":38,"column":9}},"line":32},"4":{"name":"(anonymous_4)","decl":{"start":{"line":43,"column":19},"end":{"line":43,"column":20}},"loc":{"start":{"line":43,"column":36},"end":{"line":58,"column":1}},"line":43},"5":{"name":"(anonymous_5)","decl":{"start":{"line":49,"column":8},"end":{"line":49,"column":9}},"loc":{"start":{"line":49,"column":36},"end":{"line":55,"column":9}},"line":49},"6":{"name":"(anonymous_6)","decl":{"start":{"line":61,"column":22},"end":{"line":61,"column":23}},"loc":{"start":{"line":61,"column":40},"end":{"line":77,"column":1}},"line":61},"7":{"name":"(anonymous_7)","decl":{"start":{"line":68,"column":8},"end":{"line":68,"column":9}},"loc":{"start":{"line":68,"column":37},"end":{"line":74,"column":9}},"line":68},"8":{"name":"(anonymous_8)","decl":{"start":{"line":80,"column":22},"end":{"line":80,"column":23}},"loc":{"start":{"line":80,"column":40},"end":{"line":96,"column":1}},"line":80},"9":{"name":"(anonymous_9)","decl":{"start":{"line":86,"column":8},"end":{"line":86,"column":9}},"loc":{"start":{"line":86,"column":37},"end":{"line":92,"column":9}},"line":86}},"branchMap":{"0":{"loc":{"start":{"line":15,"column":4},"end":{"line":18,"column":5}},"type":"if","locations":[{"start":{"line":15,"column":4},"end":{"line":18,"column":5}},{"start":{"line":15,"column":4},"end":{"line":18,"column":5}}],"line":15},"1":{"loc":{"start":{"line":15,"column":8},"end":{"line":15,"column":41}},"type":"binary-expr","locations":[{"start":{"line":15,"column":8},"end":{"line":15,"column":20}},{"start":{"line":15,"column":24},"end":{"line":15,"column":41}}],"line":15},"2":{"loc":{"start":{"line":20,"column":4},"end":{"line":24,"column":5}},"type":"if","locations":[{"start":{"line":20,"column":4},"end":{"line":24,"column":5}},{"start":{"line":20,"column":4},"end":{"line":24,"column":5}}],"line":20},"3":{"loc":{"start":{"line":33,"column":12},"end":{"line":37,"column":13}},"type":"if","locations":[{"start":{"line":33,"column":12},"end":{"line":37,"column":13}},{"start":{"line":33,"column":12},"end":{"line":37,"column":13}}],"line":33},"4":{"loc":{"start":{"line":50,"column":12},"end":{"line":54,"column":13}},"type":"if","locations":[{"start":{"line":50,"column":12},"end":{"line":54,"column":13}},{"start":{"line":50,"column":12},"end":{"line":54,"column":13}}],"line":50},"5":{"loc":{"start":{"line":69,"column":12},"end":{"line":73,"column":13}},"type":"if","locations":[{"start":{"line":69,"column":12},"end":{"line":73,"column":13}},{"start":{"line":69,"column":12},"end":{"line":73,"column":13}}],"line":69},"6":{"loc":{"start":{"line":87,"column":12},"end":{"line":91,"column":13}},"type":"if","locations":[{"start":{"line":87,"column":12},"end":{"line":91,"column":13}},{"start":{"line":87,"column":12},"end":{"line":91,"column":13}}],"line":87}},"s":{"0":1,"1":1,"2":1,"3":1,"4":2,"5":2,"6":2,"7":2,"8":2,"9":1,"10":1,"11":2,"12":2,"13":0,"14":2,"15":1,"16":1,"17":1,"18":1,"19":0,"20":1,"21":1,"22":1,"23":1,"24":1,"25":0,"26":1,"27":1,"28":1,"29":1,"30":1,"31":1,"32":0,"33":1,"34":1,"35":1,"36":1,"37":1,"38":0,"39":1},"f":{"0":2,"1":2,"2":1,"3":1,"4":1,"5":1,"6":1,"7":1,"8":1,"9":1},"b":{"0":[1,1],"1":[2,1],"2":[0,2],"3":[0,1],"4":[0,1],"5":[0,1],"6":[0,1]},"_coverageSchema":"1a1c01bbd47fc00a2c39e90264f33305004495a9","hash":"6e2594b65cfac385a9680b2860848ad502379012","contentHash":"3af0c64b72abd57d8397606cea263666e87ab2ded63f8321ae87fd21aa0b7005"},"D:\\Dokumen PT. BSP - Permadi Eka Permana\\Working Report\\fullstack-node-vue-jwt\\backend\\controller\\controller_ayah.js":{"path":"D:\\Dokumen PT. BSP - Permadi Eka Permana\\Working Report\\fullstack-node-vue-jwt\\backend\\controller\\controller_ayah.js","statementMap":{"0":{"start":{"line":4,"column":15},"end":{"line":4,"column":39}},"1":{"start":{"line":6,"column":17},"end":{"line":6,"column":43}},"2":{"start":{"line":9,"column":0},"end":{"line":41,"column":2}},"3":{"start":{"line":10,"column":27},"end":{"line":10,"column":46}},"4":{"start":{"line":11,"column":20},"end":{"line":11,"column":48}},"5":{"start":{"line":12,"column":24},"end":{"line":12,"column":47}},"6":{"start":{"line":13,"column":23},"end":{"line":13,"column":45}},"7":{"start":{"line":14,"column":16},"end":{"line":20,"column":31}},"8":{"start":{"line":21,"column":16},"end":{"line":21,"column":18}},"9":{"start":{"line":22,"column":4},"end":{"line":25,"column":5}},"10":{"start":{"line":23,"column":8},"end":{"line":23,"column":53}},"11":{"start":{"line":24,"column":8},"end":{"line":24,"column":29}},"12":{"start":{"line":26,"column":4},"end":{"line":29,"column":5}},"13":{"start":{"line":27,"column":8},"end":{"line":27,"column":54}},"14":{"start":{"line":28,"column":8},"end":{"line":28,"column":33}},"15":{"start":{"line":30,"column":4},"end":{"line":33,"column":5}},"16":{"start":{"line":31,"column":8},"end":{"line":31,"column":53}},"17":{"start":{"line":32,"column":8},"end":{"line":32,"column":32}},"18":{"start":{"line":34,"column":4},"end":{"line":40,"column":7}},"19":{"start":{"line":35,"column":4},"end":{"line":39,"column":5}},"20":{"start":{"line":36,"column":8},"end":{"line":36,"column":30}},"21":{"start":{"line":38,"column":8},"end":{"line":38,"column":29}},"22":{"start":{"line":44,"column":0},"end":{"line":57,"column":2}},"23":{"start":{"line":45,"column":18},"end":{"line":45,"column":36}},"24":{"start":{"line":46,"column":4},"end":{"line":56,"column":6}},"25":{"start":{"line":50,"column":12},"end":{"line":54,"column":13}},"26":{"start":{"line":51,"column":16},"end":{"line":51,"column":38}},"27":{"start":{"line":53,"column":16},"end":{"line":53,"column":37}},"28":{"start":{"line":59,"column":0},"end":{"line":69,"column":2}},"29":{"start":{"line":60,"column":4},"end":{"line":68,"column":6}},"30":{"start":{"line":62,"column":12},"end":{"line":66,"column":13}},"31":{"start":{"line":63,"column":16},"end":{"line":63,"column":38}},"32":{"start":{"line":65,"column":16},"end":{"line":65,"column":37}},"33":{"start":{"line":72,"column":0},"end":{"line":103,"column":2}},"34":{"start":{"line":74,"column":20},"end":{"line":82,"column":5}},"35":{"start":{"line":76,"column":8},"end":{"line":80,"column":9}},"36":{"start":{"line":77,"column":12},"end":{"line":77,"column":34}},"37":{"start":{"line":79,"column":12},"end":{"line":79,"column":33}},"38":{"start":{"line":83,"column":18},"end":{"line":83,"column":34}},"39":{"start":{"line":84,"column":20},"end":{"line":84,"column":38}},"40":{"start":{"line":85,"column":14},"end":{"line":85,"column":26}},"41":{"start":{"line":86,"column":20},"end":{"line":86,"column":38}},"42":{"start":{"line":87,"column":24},"end":{"line":87,"column":46}},"43":{"start":{"line":88,"column":23},"end":{"line":88,"column":44}},"44":{"start":{"line":89,"column":25},"end":{"line":89,"column":48}},"45":{"start":{"line":90,"column":25},"end":{"line":90,"column":48}},"46":{"start":{"line":92,"column":4},"end":{"line":101,"column":6}},"47":{"start":{"line":95,"column":12},"end":{"line":99,"column":13}},"48":{"start":{"line":96,"column":16},"end":{"line":96,"column":35}},"49":{"start":{"line":98,"column":16},"end":{"line":98,"column":63}},"50":{"start":{"line":106,"column":0},"end":{"line":128,"column":2}},"51":{"start":{"line":108,"column":18},"end":{"line":108,"column":34}},"52":{"start":{"line":109,"column":20},"end":{"line":109,"column":38}},"53":{"start":{"line":110,"column":14},"end":{"line":110,"column":26}},"54":{"start":{"line":111,"column":20},"end":{"line":111,"column":38}},"55":{"start":{"line":112,"column":24},"end":{"line":112,"column":46}},"56":{"start":{"line":113,"column":23},"end":{"line":113,"column":44}},"57":{"start":{"line":114,"column":25},"end":{"line":114,"column":48}},"58":{"start":{"line":115,"column":25},"end":{"line":115,"column":48}},"59":{"start":{"line":117,"column":4},"end":{"line":127,"column":6}},"60":{"start":{"line":120,"column":12},"end":{"line":124,"column":13}},"61":{"start":{"line":121,"column":16},"end":{"line":121,"column":35}},"62":{"start":{"line":123,"column":16},"end":{"line":123,"column":61}},"63":{"start":{"line":131,"column":0},"end":{"line":147,"column":2}},"64":{"start":{"line":133,"column":18},"end":{"line":133,"column":36}},"65":{"start":{"line":135,"column":4},"end":{"line":145,"column":6}},"66":{"start":{"line":138,"column":12},"end":{"line":142,"column":13}},"67":{"start":{"line":139,"column":16},"end":{"line":139,"column":35}},"68":{"start":{"line":141,"column":16},"end":{"line":141,"column":61}}},"fnMap":{"0":{"name":"(anonymous_0)","decl":{"start":{"line":9,"column":19},"end":{"line":9,"column":20}},"loc":{"start":{"line":9,"column":36},"end":{"line":41,"column":1}},"line":9},"1":{"name":"(anonymous_1)","decl":{"start":{"line":34,"column":35},"end":{"line":34,"column":36}},"loc":{"start":{"line":34,"column":63},"end":{"line":40,"column":5}},"line":34},"2":{"name":"(anonymous_2)","decl":{"start":{"line":44,"column":23},"end":{"line":44,"column":24}},"loc":{"start":{"line":44,"column":40},"end":{"line":57,"column":1}},"line":44},"3":{"name":"(anonymous_3)","decl":{"start":{"line":49,"column":8},"end":{"line":49,"column":9}},"loc":{"start":{"line":49,"column":36},"end":{"line":55,"column":9}},"line":49},"4":{"name":"(anonymous_4)","decl":{"start":{"line":59,"column":25},"end":{"line":59,"column":26}},"loc":{"start":{"line":59,"column":42},"end":{"line":69,"column":1}},"line":59},"5":{"name":"(anonymous_5)","decl":{"start":{"line":61,"column":8},"end":{"line":61,"column":9}},"loc":{"start":{"line":61,"column":36},"end":{"line":67,"column":9}},"line":61},"6":{"name":"(anonymous_6)","decl":{"start":{"line":72,"column":18},"end":{"line":72,"column":19}},"loc":{"start":{"line":72,"column":35},"end":{"line":103,"column":1}},"line":72},"7":{"name":"(anonymous_7)","decl":{"start":{"line":75,"column":4},"end":{"line":75,"column":5}},"loc":{"start":{"line":75,"column":32},"end":{"line":81,"column":5}},"line":75},"8":{"name":"(anonymous_8)","decl":{"start":{"line":94,"column":8},"end":{"line":94,"column":9}},"loc":{"start":{"line":94,"column":36},"end":{"line":100,"column":9}},"line":94},"9":{"name":"(anonymous_9)","decl":{"start":{"line":106,"column":21},"end":{"line":106,"column":22}},"loc":{"start":{"line":106,"column":39},"end":{"line":128,"column":1}},"line":106},"10":{"name":"(anonymous_10)","decl":{"start":{"line":119,"column":8},"end":{"line":119,"column":9}},"loc":{"start":{"line":119,"column":37},"end":{"line":125,"column":9}},"line":119},"11":{"name":"(anonymous_11)","decl":{"start":{"line":131,"column":21},"end":{"line":131,"column":22}},"loc":{"start":{"line":131,"column":39},"end":{"line":147,"column":1}},"line":131},"12":{"name":"(anonymous_12)","decl":{"start":{"line":137,"column":8},"end":{"line":137,"column":9}},"loc":{"start":{"line":137,"column":37},"end":{"line":143,"column":9}},"line":137}},"branchMap":{"0":{"loc":{"start":{"line":22,"column":4},"end":{"line":25,"column":5}},"type":"if","locations":[{"start":{"line":22,"column":4},"end":{"line":25,"column":5}},{"start":{"line":22,"column":4},"end":{"line":25,"column":5}}],"line":22},"1":{"loc":{"start":{"line":22,"column":8},"end":{"line":22,"column":49}},"type":"binary-expr","locations":[{"start":{"line":22,"column":8},"end":{"line":22,"column":24}},{"start":{"line":22,"column":28},"end":{"line":22,"column":49}}],"line":22},"2":{"loc":{"start":{"line":26,"column":4},"end":{"line":29,"column":5}},"type":"if","locations":[{"start":{"line":26,"column":4},"end":{"line":29,"column":5}},{"start":{"line":26,"column":4},"end":{"line":29,"column":5}}],"line":26},"3":{"loc":{"start":{"line":26,"column":8},"end":{"line":26,"column":43}},"type":"binary-expr","locations":[{"start":{"line":26,"column":8},"end":{"line":26,"column":21}},{"start":{"line":26,"column":25},"end":{"line":26,"column":43}}],"line":26},"4":{"loc":{"start":{"line":30,"column":4},"end":{"line":33,"column":5}},"type":"if","locations":[{"start":{"line":30,"column":4},"end":{"line":33,"column":5}},{"start":{"line":30,"column":4},"end":{"line":33,"column":5}}],"line":30},"5":{"loc":{"start":{"line":30,"column":8},"end":{"line":30,"column":41}},"type":"binary-expr","locations":[{"start":{"line":30,"column":8},"end":{"line":30,"column":20}},{"start":{"line":30,"column":24},"end":{"line":30,"column":41}}],"line":30},"6":{"loc":{"start":{"line":35,"column":4},"end":{"line":39,"column":5}},"type":"if","locations":[{"start":{"line":35,"column":4},"end":{"line":39,"column":5}},{"start":{"line":35,"column":4},"end":{"line":39,"column":5}}],"line":35},"7":{"loc":{"start":{"line":50,"column":12},"end":{"line":54,"column":13}},"type":"if","locations":[{"start":{"line":50,"column":12},"end":{"line":54,"column":13}},{"start":{"line":50,"column":12},"end":{"line":54,"column":13}}],"line":50},"8":{"loc":{"start":{"line":62,"column":12},"end":{"line":66,"column":13}},"type":"if","locations":[{"start":{"line":62,"column":12},"end":{"line":66,"column":13}},{"start":{"line":62,"column":12},"end":{"line":66,"column":13}}],"line":62},"9":{"loc":{"start":{"line":76,"column":8},"end":{"line":80,"column":9}},"type":"if","locations":[{"start":{"line":76,"column":8},"end":{"line":80,"column":9}},{"start":{"line":76,"column":8},"end":{"line":80,"column":9}}],"line":76},"10":{"loc":{"start":{"line":95,"column":12},"end":{"line":99,"column":13}},"type":"if","locations":[{"start":{"line":95,"column":12},"end":{"line":99,"column":13}},{"start":{"line":95,"column":12},"end":{"line":99,"column":13}}],"line":95},"11":{"loc":{"start":{"line":120,"column":12},"end":{"line":124,"column":13}},"type":"if","locations":[{"start":{"line":120,"column":12},"end":{"line":124,"column":13}},{"start":{"line":120,"column":12},"end":{"line":124,"column":13}}],"line":120},"12":{"loc":{"start":{"line":138,"column":12},"end":{"line":142,"column":13}},"type":"if","locations":[{"start":{"line":138,"column":12},"end":{"line":142,"column":13}},{"start":{"line":138,"column":12},"end":{"line":142,"column":13}}],"line":138}},"s":{"0":1,"1":1,"2":1,"3":2,"4":2,"5":2,"6":2,"7":2,"8":2,"9":2,"10":1,"11":1,"12":2,"13":1,"14":1,"15":2,"16":1,"17":1,"18":2,"19":2,"20":0,"21":2,"22":1,"23":1,"24":1,"25":1,"26":0,"27":1,"28":1,"29":2,"30":2,"31":0,"32":2,"33":1,"34":1,"35":1,"36":0,"37":1,"38":1,"39":1,"40":1,"41":1,"42":1,"43":1,"44":1,"45":1,"46":1,"47":1,"48":0,"49":1,"50":1,"51":1,"52":1,"53":1,"54":1,"55":1,"56":1,"57":1,"58":1,"59":1,"60":1,"61":0,"62":1,"63":1,"64":1,"65":1,"66":1,"67":0,"68":1},"f":{"0":2,"1":2,"2":1,"3":1,"4":2,"5":2,"6":1,"7":1,"8":1,"9":1,"10":1,"11":1,"12":1},"b":{"0":[1,1],"1":[2,1],"2":[1,1],"3":[2,1],"4":[1,1],"5":[2,1],"6":[0,2],"7":[0,1],"8":[0,2],"9":[0,1],"10":[0,1],"11":[0,1],"12":[0,1]},"_coverageSchema":"1a1c01bbd47fc00a2c39e90264f33305004495a9","hash":"958c957182d51ecb71e860e05e647d0f1d92d829","contentHash":"3db84dfe9ab373bc28962c141f13fb27145814e3b48fad337ed081ef555d1cae"},"D:\\Dokumen PT. BSP - Permadi Eka Permana\\Working Report\\fullstack-node-vue-jwt\\backend\\controller\\controller_bank.js":{"path":"D:\\Dokumen PT. BSP - Permadi Eka Permana\\Working Report\\fullstack-node-vue-jwt\\backend\\controller\\controller_bank.js","statementMap":{"0":{"start":{"line":4,"column":15},"end":{"line":4,"column":39}},"1":{"start":{"line":6,"column":17},"end":{"line":6,"column":43}},"2":{"start":{"line":9,"column":0},"end":{"line":17,"column":2}},"3":{"start":{"line":10,"column":4},"end":{"line":16,"column":7}},"4":{"start":{"line":11,"column":4},"end":{"line":15,"column":5}},"5":{"start":{"line":12,"column":8},"end":{"line":12,"column":30}},"6":{"start":{"line":14,"column":8},"end":{"line":14,"column":29}},"7":{"start":{"line":20,"column":0},"end":{"line":31,"column":2}},"8":{"start":{"line":21,"column":18},"end":{"line":21,"column":36}},"9":{"start":{"line":22,"column":4},"end":{"line":30,"column":6}},"10":{"start":{"line":24,"column":12},"end":{"line":28,"column":13}},"11":{"start":{"line":25,"column":16},"end":{"line":25,"column":38}},"12":{"start":{"line":27,"column":16},"end":{"line":27,"column":37}},"13":{"start":{"line":34,"column":0},"end":{"line":52,"column":2}},"14":{"start":{"line":36,"column":22},"end":{"line":36,"column":38}},"15":{"start":{"line":37,"column":22},"end":{"line":37,"column":40}},"16":{"start":{"line":38,"column":22},"end":{"line":38,"column":36}},"17":{"start":{"line":39,"column":22},"end":{"line":39,"column":40}},"18":{"start":{"line":41,"column":4},"end":{"line":50,"column":6}},"19":{"start":{"line":44,"column":12},"end":{"line":48,"column":13}},"20":{"start":{"line":45,"column":16},"end":{"line":45,"column":35}},"21":{"start":{"line":47,"column":16},"end":{"line":47,"column":63}},"22":{"start":{"line":55,"column":0},"end":{"line":73,"column":2}},"23":{"start":{"line":57,"column":22},"end":{"line":57,"column":38}},"24":{"start":{"line":58,"column":22},"end":{"line":58,"column":40}},"25":{"start":{"line":59,"column":22},"end":{"line":59,"column":36}},"26":{"start":{"line":60,"column":22},"end":{"line":60,"column":40}},"27":{"start":{"line":62,"column":4},"end":{"line":72,"column":6}},"28":{"start":{"line":65,"column":12},"end":{"line":69,"column":13}},"29":{"start":{"line":66,"column":16},"end":{"line":66,"column":35}},"30":{"start":{"line":68,"column":16},"end":{"line":68,"column":61}},"31":{"start":{"line":76,"column":0},"end":{"line":92,"column":2}},"32":{"start":{"line":78,"column":18},"end":{"line":78,"column":36}},"33":{"start":{"line":80,"column":4},"end":{"line":90,"column":6}},"34":{"start":{"line":83,"column":12},"end":{"line":87,"column":13}},"35":{"start":{"line":84,"column":16},"end":{"line":84,"column":35}},"36":{"start":{"line":86,"column":16},"end":{"line":86,"column":61}}},"fnMap":{"0":{"name":"(anonymous_0)","decl":{"start":{"line":9,"column":19},"end":{"line":9,"column":20}},"loc":{"start":{"line":9,"column":36},"end":{"line":17,"column":1}},"line":9},"1":{"name":"(anonymous_1)","decl":{"start":{"line":10,"column":43},"end":{"line":10,"column":44}},"loc":{"start":{"line":10,"column":71},"end":{"line":16,"column":5}},"line":10},"2":{"name":"(anonymous_2)","decl":{"start":{"line":20,"column":23},"end":{"line":20,"column":24}},"loc":{"start":{"line":20,"column":40},"end":{"line":31,"column":1}},"line":20},"3":{"name":"(anonymous_3)","decl":{"start":{"line":23,"column":8},"end":{"line":23,"column":9}},"loc":{"start":{"line":23,"column":36},"end":{"line":29,"column":9}},"line":23},"4":{"name":"(anonymous_4)","decl":{"start":{"line":34,"column":18},"end":{"line":34,"column":19}},"loc":{"start":{"line":34,"column":35},"end":{"line":52,"column":1}},"line":34},"5":{"name":"(anonymous_5)","decl":{"start":{"line":43,"column":8},"end":{"line":43,"column":9}},"loc":{"start":{"line":43,"column":36},"end":{"line":49,"column":9}},"line":43},"6":{"name":"(anonymous_6)","decl":{"start":{"line":55,"column":21},"end":{"line":55,"column":22}},"loc":{"start":{"line":55,"column":39},"end":{"line":73,"column":1}},"line":55},"7":{"name":"(anonymous_7)","decl":{"start":{"line":64,"column":8},"end":{"line":64,"column":9}},"loc":{"start":{"line":64,"column":37},"end":{"line":70,"column":9}},"line":64},"8":{"name":"(anonymous_8)","decl":{"start":{"line":76,"column":21},"end":{"line":76,"column":22}},"loc":{"start":{"line":76,"column":39},"end":{"line":92,"column":1}},"line":76},"9":{"name":"(anonymous_9)","decl":{"start":{"line":82,"column":8},"end":{"line":82,"column":9}},"loc":{"start":{"line":82,"column":37},"end":{"line":88,"column":9}},"line":82}},"branchMap":{"0":{"loc":{"start":{"line":11,"column":4},"end":{"line":15,"column":5}},"type":"if","locations":[{"start":{"line":11,"column":4},"end":{"line":15,"column":5}},{"start":{"line":11,"column":4},"end":{"line":15,"column":5}}],"line":11},"1":{"loc":{"start":{"line":24,"column":12},"end":{"line":28,"column":13}},"type":"if","locations":[{"start":{"line":24,"column":12},"end":{"line":28,"column":13}},{"start":{"line":24,"column":12},"end":{"line":28,"column":13}}],"line":24},"2":{"loc":{"start":{"line":44,"column":12},"end":{"line":48,"column":13}},"type":"if","locations":[{"start":{"line":44,"column":12},"end":{"line":48,"column":13}},{"start":{"line":44,"column":12},"end":{"line":48,"column":13}}],"line":44},"3":{"loc":{"start":{"line":65,"column":12},"end":{"line":69,"column":13}},"type":"if","locations":[{"start":{"line":65,"column":12},"end":{"line":69,"column":13}},{"start":{"line":65,"column":12},"end":{"line":69,"column":13}}],"line":65},"4":{"loc":{"start":{"line":83,"column":12},"end":{"line":87,"column":13}},"type":"if","locations":[{"start":{"line":83,"column":12},"end":{"line":87,"column":13}},{"start":{"line":83,"column":12},"end":{"line":87,"column":13}}],"line":83}},"s":{"0":1,"1":1,"2":1,"3":1,"4":1,"5":0,"6":1,"7":1,"8":1,"9":1,"10":1,"11":0,"12":1,"13":1,"14":1,"15":1,"16":1,"17":1,"18":1,"19":1,"20":0,"21":1,"22":1,"23":1,"24":1,"25":1,"26":1,"27":1,"28":1,"29":0,"30":1,"31":1,"32":1,"33":1,"34":1,"35":0,"36":1},"f":{"0":1,"1":1,"2":1,"3":1,"4":1,"5":1,"6":1,"7":1,"8":1,"9":1},"b":{"0":[0,1],"1":[0,1],"2":[0,1],"3":[0,1],"4":[0,1]},"_coverageSchema":"1a1c01bbd47fc00a2c39e90264f33305004495a9","hash":"a19d6081787c99ab2c2b7c87fcff15fbfd71038d","contentHash":"053570fbfb6e119a0101fe4ca77dadc92e3713b6eedf7eca3ed7d1c96d17d235"},"D:\\Dokumen PT. BSP - Permadi Eka Permana\\Working Report\\fullstack-node-vue-jwt\\backend\\controller\\controller_detailbeasiswa.js":{"path":"D:\\Dokumen PT. BSP - Permadi Eka Permana\\Working Report\\fullstack-node-vue-jwt\\backend\\controller\\controller_detailbeasiswa.js","statementMap":{"0":{"start":{"line":4,"column":15},"end":{"line":4,"column":39}},"1":{"start":{"line":6,"column":17},"end":{"line":6,"column":43}},"2":{"start":{"line":9,"column":0},"end":{"line":17,"column":2}},"3":{"start":{"line":10,"column":4},"end":{"line":16,"column":7}},"4":{"start":{"line":11,"column":4},"end":{"line":15,"column":5}},"5":{"start":{"line":12,"column":8},"end":{"line":12,"column":30}},"6":{"start":{"line":14,"column":8},"end":{"line":14,"column":29}},"7":{"start":{"line":20,"column":0},"end":{"line":31,"column":2}},"8":{"start":{"line":21,"column":29},"end":{"line":21,"column":58}},"9":{"start":{"line":22,"column":4},"end":{"line":30,"column":6}},"10":{"start":{"line":24,"column":12},"end":{"line":28,"column":13}},"11":{"start":{"line":25,"column":16},"end":{"line":25,"column":38}},"12":{"start":{"line":27,"column":16},"end":{"line":27,"column":37}},"13":{"start":{"line":34,"column":0},"end":{"line":53,"column":2}},"14":{"start":{"line":36,"column":26},"end":{"line":36,"column":43}},"15":{"start":{"line":37,"column":26},"end":{"line":37,"column":40}},"16":{"start":{"line":38,"column":26},"end":{"line":38,"column":45}},"17":{"start":{"line":39,"column":26},"end":{"line":39,"column":46}},"18":{"start":{"line":40,"column":26},"end":{"line":40,"column":48}},"19":{"start":{"line":42,"column":4},"end":{"line":51,"column":6}},"20":{"start":{"line":45,"column":12},"end":{"line":49,"column":13}},"21":{"start":{"line":46,"column":16},"end":{"line":46,"column":35}},"22":{"start":{"line":48,"column":16},"end":{"line":48,"column":74}},"23":{"start":{"line":56,"column":0},"end":{"line":76,"column":2}},"24":{"start":{"line":58,"column":29},"end":{"line":58,"column":56}},"25":{"start":{"line":59,"column":26},"end":{"line":59,"column":43}},"26":{"start":{"line":60,"column":26},"end":{"line":60,"column":40}},"27":{"start":{"line":61,"column":26},"end":{"line":61,"column":45}},"28":{"start":{"line":62,"column":26},"end":{"line":62,"column":46}},"29":{"start":{"line":63,"column":26},"end":{"line":63,"column":48}},"30":{"start":{"line":65,"column":4},"end":{"line":75,"column":6}},"31":{"start":{"line":68,"column":12},"end":{"line":72,"column":13}},"32":{"start":{"line":69,"column":16},"end":{"line":69,"column":35}},"33":{"start":{"line":71,"column":16},"end":{"line":71,"column":72}},"34":{"start":{"line":79,"column":0},"end":{"line":95,"column":2}},"35":{"start":{"line":81,"column":29},"end":{"line":81,"column":58}},"36":{"start":{"line":83,"column":4},"end":{"line":93,"column":6}},"37":{"start":{"line":86,"column":12},"end":{"line":90,"column":13}},"38":{"start":{"line":87,"column":16},"end":{"line":87,"column":35}},"39":{"start":{"line":89,"column":16},"end":{"line":89,"column":72}}},"fnMap":{"0":{"name":"(anonymous_0)","decl":{"start":{"line":9,"column":29},"end":{"line":9,"column":30}},"loc":{"start":{"line":9,"column":46},"end":{"line":17,"column":1}},"line":9},"1":{"name":"(anonymous_1)","decl":{"start":{"line":10,"column":54},"end":{"line":10,"column":55}},"loc":{"start":{"line":10,"column":82},"end":{"line":16,"column":5}},"line":10},"2":{"name":"(anonymous_2)","decl":{"start":{"line":20,"column":33},"end":{"line":20,"column":34}},"loc":{"start":{"line":20,"column":50},"end":{"line":31,"column":1}},"line":20},"3":{"name":"(anonymous_3)","decl":{"start":{"line":23,"column":8},"end":{"line":23,"column":9}},"loc":{"start":{"line":23,"column":36},"end":{"line":29,"column":9}},"line":23},"4":{"name":"(anonymous_4)","decl":{"start":{"line":34,"column":28},"end":{"line":34,"column":29}},"loc":{"start":{"line":34,"column":45},"end":{"line":53,"column":1}},"line":34},"5":{"name":"(anonymous_5)","decl":{"start":{"line":44,"column":8},"end":{"line":44,"column":9}},"loc":{"start":{"line":44,"column":36},"end":{"line":50,"column":9}},"line":44},"6":{"name":"(anonymous_6)","decl":{"start":{"line":56,"column":31},"end":{"line":56,"column":32}},"loc":{"start":{"line":56,"column":49},"end":{"line":76,"column":1}},"line":56},"7":{"name":"(anonymous_7)","decl":{"start":{"line":67,"column":8},"end":{"line":67,"column":9}},"loc":{"start":{"line":67,"column":37},"end":{"line":73,"column":9}},"line":67},"8":{"name":"(anonymous_8)","decl":{"start":{"line":79,"column":31},"end":{"line":79,"column":32}},"loc":{"start":{"line":79,"column":49},"end":{"line":95,"column":1}},"line":79},"9":{"name":"(anonymous_9)","decl":{"start":{"line":85,"column":8},"end":{"line":85,"column":9}},"loc":{"start":{"line":85,"column":37},"end":{"line":91,"column":9}},"line":85}},"branchMap":{"0":{"loc":{"start":{"line":11,"column":4},"end":{"line":15,"column":5}},"type":"if","locations":[{"start":{"line":11,"column":4},"end":{"line":15,"column":5}},{"start":{"line":11,"column":4},"end":{"line":15,"column":5}}],"line":11},"1":{"loc":{"start":{"line":24,"column":12},"end":{"line":28,"column":13}},"type":"if","locations":[{"start":{"line":24,"column":12},"end":{"line":28,"column":13}},{"start":{"line":24,"column":12},"end":{"line":28,"column":13}}],"line":24},"2":{"loc":{"start":{"line":45,"column":12},"end":{"line":49,"column":13}},"type":"if","locations":[{"start":{"line":45,"column":12},"end":{"line":49,"column":13}},{"start":{"line":45,"column":12},"end":{"line":49,"column":13}}],"line":45},"3":{"loc":{"start":{"line":68,"column":12},"end":{"line":72,"column":13}},"type":"if","locations":[{"start":{"line":68,"column":12},"end":{"line":72,"column":13}},{"start":{"line":68,"column":12},"end":{"line":72,"column":13}}],"line":68},"4":{"loc":{"start":{"line":86,"column":12},"end":{"line":90,"column":13}},"type":"if","locations":[{"start":{"line":86,"column":12},"end":{"line":90,"column":13}},{"start":{"line":86,"column":12},"end":{"line":90,"column":13}}],"line":86}},"s":{"0":1,"1":1,"2":1,"3":1,"4":1,"5":0,"6":1,"7":1,"8":1,"9":1,"10":1,"11":0,"12":1,"13":1,"14":1,"15":1,"16":1,"17":1,"18":1,"19":1,"20":1,"21":0,"22":1,"23":1,"24":1,"25":1,"26":1,"27":1,"28":1,"29":1,"30":1,"31":1,"32":0,"33":1,"34":1,"35":1,"36":1,"37":1,"38":0,"39":1},"f":{"0":1,"1":1,"2":1,"3":1,"4":1,"5":1,"6":1,"7":1,"8":1,"9":1},"b":{"0":[0,1],"1":[0,1],"2":[0,1],"3":[0,1],"4":[0,1]},"_coverageSchema":"1a1c01bbd47fc00a2c39e90264f33305004495a9","hash":"3cbc44efcfeed1ab692921ebfa23197d7d10087c","contentHash":"fff3cedf5158f5fb7b9a23f3d4bdd9b22703b9ce787201a6643a8e9838192fc3"},"D:\\Dokumen PT. BSP - Permadi Eka Permana\\Working Report\\fullstack-node-vue-jwt\\backend\\controller\\controller_detailprestasi.js":{"path":"D:\\Dokumen PT. BSP - Permadi Eka Permana\\Working Report\\fullstack-node-vue-jwt\\backend\\controller\\controller_detailprestasi.js","statementMap":{"0":{"start":{"line":4,"column":15},"end":{"line":4,"column":39}},"1":{"start":{"line":6,"column":17},"end":{"line":6,"column":43}},"2":{"start":{"line":9,"column":0},"end":{"line":17,"column":2}},"3":{"start":{"line":10,"column":4},"end":{"line":16,"column":7}},"4":{"start":{"line":11,"column":4},"end":{"line":15,"column":5}},"5":{"start":{"line":12,"column":8},"end":{"line":12,"column":30}},"6":{"start":{"line":14,"column":8},"end":{"line":14,"column":29}},"7":{"start":{"line":20,"column":0},"end":{"line":31,"column":2}},"8":{"start":{"line":21,"column":28},"end":{"line":21,"column":56}},"9":{"start":{"line":22,"column":4},"end":{"line":30,"column":6}},"10":{"start":{"line":24,"column":12},"end":{"line":28,"column":13}},"11":{"start":{"line":25,"column":16},"end":{"line":25,"column":38}},"12":{"start":{"line":27,"column":16},"end":{"line":27,"column":37}},"13":{"start":{"line":34,"column":0},"end":{"line":54,"column":2}},"14":{"start":{"line":36,"column":30},"end":{"line":36,"column":47}},"15":{"start":{"line":37,"column":30},"end":{"line":37,"column":53}},"16":{"start":{"line":38,"column":30},"end":{"line":38,"column":55}},"17":{"start":{"line":39,"column":30},"end":{"line":39,"column":52}},"18":{"start":{"line":40,"column":30},"end":{"line":40,"column":44}},"19":{"start":{"line":41,"column":30},"end":{"line":41,"column":52}},"20":{"start":{"line":43,"column":4},"end":{"line":52,"column":6}},"21":{"start":{"line":46,"column":12},"end":{"line":50,"column":13}},"22":{"start":{"line":47,"column":16},"end":{"line":47,"column":35}},"23":{"start":{"line":49,"column":16},"end":{"line":49,"column":74}},"24":{"start":{"line":57,"column":0},"end":{"line":78,"column":2}},"25":{"start":{"line":59,"column":30},"end":{"line":59,"column":56}},"26":{"start":{"line":60,"column":30},"end":{"line":60,"column":47}},"27":{"start":{"line":61,"column":30},"end":{"line":61,"column":53}},"28":{"start":{"line":62,"column":30},"end":{"line":62,"column":55}},"29":{"start":{"line":63,"column":30},"end":{"line":63,"column":52}},"30":{"start":{"line":64,"column":30},"end":{"line":64,"column":44}},"31":{"start":{"line":65,"column":30},"end":{"line":65,"column":52}},"32":{"start":{"line":67,"column":4},"end":{"line":77,"column":6}},"33":{"start":{"line":70,"column":12},"end":{"line":74,"column":13}},"34":{"start":{"line":71,"column":16},"end":{"line":71,"column":35}},"35":{"start":{"line":73,"column":16},"end":{"line":73,"column":72}},"36":{"start":{"line":81,"column":0},"end":{"line":97,"column":2}},"37":{"start":{"line":83,"column":28},"end":{"line":83,"column":56}},"38":{"start":{"line":85,"column":4},"end":{"line":95,"column":6}},"39":{"start":{"line":88,"column":12},"end":{"line":92,"column":13}},"40":{"start":{"line":89,"column":16},"end":{"line":89,"column":35}},"41":{"start":{"line":91,"column":16},"end":{"line":91,"column":72}}},"fnMap":{"0":{"name":"(anonymous_0)","decl":{"start":{"line":9,"column":29},"end":{"line":9,"column":30}},"loc":{"start":{"line":9,"column":46},"end":{"line":17,"column":1}},"line":9},"1":{"name":"(anonymous_1)","decl":{"start":{"line":10,"column":54},"end":{"line":10,"column":55}},"loc":{"start":{"line":10,"column":82},"end":{"line":16,"column":5}},"line":10},"2":{"name":"(anonymous_2)","decl":{"start":{"line":20,"column":33},"end":{"line":20,"column":34}},"loc":{"start":{"line":20,"column":50},"end":{"line":31,"column":1}},"line":20},"3":{"name":"(anonymous_3)","decl":{"start":{"line":23,"column":8},"end":{"line":23,"column":9}},"loc":{"start":{"line":23,"column":36},"end":{"line":29,"column":9}},"line":23},"4":{"name":"(anonymous_4)","decl":{"start":{"line":34,"column":28},"end":{"line":34,"column":29}},"loc":{"start":{"line":34,"column":45},"end":{"line":54,"column":1}},"line":34},"5":{"name":"(anonymous_5)","decl":{"start":{"line":45,"column":8},"end":{"line":45,"column":9}},"loc":{"start":{"line":45,"column":36},"end":{"line":51,"column":9}},"line":45},"6":{"name":"(anonymous_6)","decl":{"start":{"line":57,"column":31},"end":{"line":57,"column":32}},"loc":{"start":{"line":57,"column":49},"end":{"line":78,"column":1}},"line":57},"7":{"name":"(anonymous_7)","decl":{"start":{"line":69,"column":8},"end":{"line":69,"column":9}},"loc":{"start":{"line":69,"column":37},"end":{"line":75,"column":9}},"line":69},"8":{"name":"(anonymous_8)","decl":{"start":{"line":81,"column":31},"end":{"line":81,"column":32}},"loc":{"start":{"line":81,"column":49},"end":{"line":97,"column":1}},"line":81},"9":{"name":"(anonymous_9)","decl":{"start":{"line":87,"column":8},"end":{"line":87,"column":9}},"loc":{"start":{"line":87,"column":37},"end":{"line":93,"column":9}},"line":87}},"branchMap":{"0":{"loc":{"start":{"line":11,"column":4},"end":{"line":15,"column":5}},"type":"if","locations":[{"start":{"line":11,"column":4},"end":{"line":15,"column":5}},{"start":{"line":11,"column":4},"end":{"line":15,"column":5}}],"line":11},"1":{"loc":{"start":{"line":24,"column":12},"end":{"line":28,"column":13}},"type":"if","locations":[{"start":{"line":24,"column":12},"end":{"line":28,"column":13}},{"start":{"line":24,"column":12},"end":{"line":28,"column":13}}],"line":24},"2":{"loc":{"start":{"line":46,"column":12},"end":{"line":50,"column":13}},"type":"if","locations":[{"start":{"line":46,"column":12},"end":{"line":50,"column":13}},{"start":{"line":46,"column":12},"end":{"line":50,"column":13}}],"line":46},"3":{"loc":{"start":{"line":70,"column":12},"end":{"line":74,"column":13}},"type":"if","locations":[{"start":{"line":70,"column":12},"end":{"line":74,"column":13}},{"start":{"line":70,"column":12},"end":{"line":74,"column":13}}],"line":70},"4":{"loc":{"start":{"line":88,"column":12},"end":{"line":92,"column":13}},"type":"if","locations":[{"start":{"line":88,"column":12},"end":{"line":92,"column":13}},{"start":{"line":88,"column":12},"end":{"line":92,"column":13}}],"line":88}},"s":{"0":1,"1":1,"2":1,"3":1,"4":1,"5":0,"6":1,"7":1,"8":1,"9":1,"10":1,"11":0,"12":1,"13":1,"14":1,"15":1,"16":1,"17":1,"18":1,"19":1,"20":1,"21":1,"22":0,"23":1,"24":1,"25":1,"26":1,"27":1,"28":1,"29":1,"30":1,"31":1,"32":1,"33":1,"34":0,"35":1,"36":1,"37":1,"38":1,"39":1,"40":0,"41":1},"f":{"0":1,"1":1,"2":1,"3":1,"4":1,"5":1,"6":1,"7":1,"8":1,"9":1},"b":{"0":[0,1],"1":[0,1],"2":[0,1],"3":[0,1],"4":[0,1]},"_coverageSchema":"1a1c01bbd47fc00a2c39e90264f33305004495a9","hash":"49c371a20563ff8dd69cac8ba9de9157ebfee03d","contentHash":"17a2c79a3fc3801cc5b97db7a737788b0f9c6928612ca08ea25fea59161e686e"},"D:\\Dokumen PT. BSP - Permadi Eka Permana\\Working Report\\fullstack-node-vue-jwt\\backend\\controller\\controller_disabilitas.js":{"path":"D:\\Dokumen PT. BSP - Permadi Eka Permana\\Working Report\\fullstack-node-vue-jwt\\backend\\controller\\controller_disabilitas.js","statementMap":{"0":{"start":{"line":4,"column":15},"end":{"line":4,"column":39}},"1":{"start":{"line":6,"column":17},"end":{"line":6,"column":43}},"2":{"start":{"line":9,"column":0},"end":{"line":17,"column":2}},"3":{"start":{"line":10,"column":4},"end":{"line":16,"column":7}},"4":{"start":{"line":11,"column":4},"end":{"line":15,"column":5}},"5":{"start":{"line":12,"column":8},"end":{"line":12,"column":30}},"6":{"start":{"line":14,"column":8},"end":{"line":14,"column":29}},"7":{"start":{"line":20,"column":0},"end":{"line":31,"column":2}},"8":{"start":{"line":21,"column":25},"end":{"line":21,"column":50}},"9":{"start":{"line":22,"column":4},"end":{"line":30,"column":6}},"10":{"start":{"line":24,"column":12},"end":{"line":28,"column":13}},"11":{"start":{"line":25,"column":16},"end":{"line":25,"column":38}},"12":{"start":{"line":27,"column":16},"end":{"line":27,"column":37}},"13":{"start":{"line":34,"column":0},"end":{"line":49,"column":2}},"14":{"start":{"line":36,"column":29},"end":{"line":36,"column":56}},"15":{"start":{"line":38,"column":4},"end":{"line":47,"column":6}},"16":{"start":{"line":41,"column":12},"end":{"line":45,"column":13}},"17":{"start":{"line":42,"column":16},"end":{"line":42,"column":35}},"18":{"start":{"line":44,"column":16},"end":{"line":44,"column":70}},"19":{"start":{"line":52,"column":0},"end":{"line":68,"column":2}},"20":{"start":{"line":54,"column":30},"end":{"line":54,"column":53}},"21":{"start":{"line":55,"column":30},"end":{"line":55,"column":57}},"22":{"start":{"line":57,"column":4},"end":{"line":67,"column":6}},"23":{"start":{"line":60,"column":12},"end":{"line":64,"column":13}},"24":{"start":{"line":61,"column":16},"end":{"line":61,"column":35}},"25":{"start":{"line":63,"column":16},"end":{"line":63,"column":68}},"26":{"start":{"line":71,"column":0},"end":{"line":87,"column":2}},"27":{"start":{"line":73,"column":25},"end":{"line":73,"column":50}},"28":{"start":{"line":75,"column":4},"end":{"line":85,"column":6}},"29":{"start":{"line":78,"column":12},"end":{"line":82,"column":13}},"30":{"start":{"line":79,"column":16},"end":{"line":79,"column":35}},"31":{"start":{"line":81,"column":16},"end":{"line":81,"column":68}}},"fnMap":{"0":{"name":"(anonymous_0)","decl":{"start":{"line":9,"column":26},"end":{"line":9,"column":27}},"loc":{"start":{"line":9,"column":43},"end":{"line":17,"column":1}},"line":9},"1":{"name":"(anonymous_1)","decl":{"start":{"line":10,"column":50},"end":{"line":10,"column":51}},"loc":{"start":{"line":10,"column":78},"end":{"line":16,"column":5}},"line":10},"2":{"name":"(anonymous_2)","decl":{"start":{"line":20,"column":30},"end":{"line":20,"column":31}},"loc":{"start":{"line":20,"column":47},"end":{"line":31,"column":1}},"line":20},"3":{"name":"(anonymous_3)","decl":{"start":{"line":23,"column":8},"end":{"line":23,"column":9}},"loc":{"start":{"line":23,"column":36},"end":{"line":29,"column":9}},"line":23},"4":{"name":"(anonymous_4)","decl":{"start":{"line":34,"column":25},"end":{"line":34,"column":26}},"loc":{"start":{"line":34,"column":42},"end":{"line":49,"column":1}},"line":34},"5":{"name":"(anonymous_5)","decl":{"start":{"line":40,"column":8},"end":{"line":40,"column":9}},"loc":{"start":{"line":40,"column":36},"end":{"line":46,"column":9}},"line":40},"6":{"name":"(anonymous_6)","decl":{"start":{"line":52,"column":28},"end":{"line":52,"column":29}},"loc":{"start":{"line":52,"column":46},"end":{"line":68,"column":1}},"line":52},"7":{"name":"(anonymous_7)","decl":{"start":{"line":59,"column":8},"end":{"line":59,"column":9}},"loc":{"start":{"line":59,"column":37},"end":{"line":65,"column":9}},"line":59},"8":{"name":"(anonymous_8)","decl":{"start":{"line":71,"column":28},"end":{"line":71,"column":29}},"loc":{"start":{"line":71,"column":46},"end":{"line":87,"column":1}},"line":71},"9":{"name":"(anonymous_9)","decl":{"start":{"line":77,"column":8},"end":{"line":77,"column":9}},"loc":{"start":{"line":77,"column":37},"end":{"line":83,"column":9}},"line":77}},"branchMap":{"0":{"loc":{"start":{"line":11,"column":4},"end":{"line":15,"column":5}},"type":"if","locations":[{"start":{"line":11,"column":4},"end":{"line":15,"column":5}},{"start":{"line":11,"column":4},"end":{"line":15,"column":5}}],"line":11},"1":{"loc":{"start":{"line":24,"column":12},"end":{"line":28,"column":13}},"type":"if","locations":[{"start":{"line":24,"column":12},"end":{"line":28,"column":13}},{"start":{"line":24,"column":12},"end":{"line":28,"column":13}}],"line":24},"2":{"loc":{"start":{"line":41,"column":12},"end":{"line":45,"column":13}},"type":"if","locations":[{"start":{"line":41,"column":12},"end":{"line":45,"column":13}},{"start":{"line":41,"column":12},"end":{"line":45,"column":13}}],"line":41},"3":{"loc":{"start":{"line":60,"column":12},"end":{"line":64,"column":13}},"type":"if","locations":[{"start":{"line":60,"column":12},"end":{"line":64,"column":13}},{"start":{"line":60,"column":12},"end":{"line":64,"column":13}}],"line":60},"4":{"loc":{"start":{"line":78,"column":12},"end":{"line":82,"column":13}},"type":"if","locations":[{"start":{"line":78,"column":12},"end":{"line":82,"column":13}},{"start":{"line":78,"column":12},"end":{"line":82,"column":13}}],"line":78}},"s":{"0":1,"1":1,"2":1,"3":1,"4":1,"5":0,"6":1,"7":1,"8":1,"9":1,"10":1,"11":0,"12":1,"13":1,"14":1,"15":1,"16":1,"17":0,"18":1,"19":1,"20":1,"21":1,"22":1,"23":1,"24":0,"25":1,"26":1,"27":1,"28":1,"29":1,"30":0,"31":1},"f":{"0":1,"1":1,"2":1,"3":1,"4":1,"5":1,"6":1,"7":1,"8":1,"9":1},"b":{"0":[0,1],"1":[0,1],"2":[0,1],"3":[0,1],"4":[0,1]},"_coverageSchema":"1a1c01bbd47fc00a2c39e90264f33305004495a9","hash":"04f979a9740d367c22d1907acdd771f0cf981a47","contentHash":"73be2b3179487eb2a99039d71ddc1c94d25ea32f22da96534a4342ea84b8971d"},"D:\\Dokumen PT. BSP - Permadi Eka Permana\\Working Report\\fullstack-node-vue-jwt\\backend\\controller\\controller_ibu.js":{"path":"D:\\Dokumen PT. BSP - Permadi Eka Permana\\Working Report\\fullstack-node-vue-jwt\\backend\\controller\\controller_ibu.js","statementMap":{"0":{"start":{"line":4,"column":15},"end":{"line":4,"column":39}},"1":{"start":{"line":6,"column":17},"end":{"line":6,"column":43}},"2":{"start":{"line":9,"column":0},"end":{"line":41,"column":2}},"3":{"start":{"line":10,"column":26},"end":{"line":10,"column":44}},"4":{"start":{"line":11,"column":19},"end":{"line":11,"column":46}},"5":{"start":{"line":12,"column":24},"end":{"line":12,"column":47}},"6":{"start":{"line":13,"column":23},"end":{"line":13,"column":45}},"7":{"start":{"line":14,"column":16},"end":{"line":20,"column":31}},"8":{"start":{"line":21,"column":16},"end":{"line":21,"column":18}},"9":{"start":{"line":22,"column":4},"end":{"line":25,"column":5}},"10":{"start":{"line":23,"column":8},"end":{"line":23,"column":51}},"11":{"start":{"line":24,"column":8},"end":{"line":24,"column":28}},"12":{"start":{"line":26,"column":4},"end":{"line":29,"column":5}},"13":{"start":{"line":27,"column":8},"end":{"line":27,"column":53}},"14":{"start":{"line":28,"column":8},"end":{"line":28,"column":33}},"15":{"start":{"line":30,"column":4},"end":{"line":33,"column":5}},"16":{"start":{"line":31,"column":8},"end":{"line":31,"column":52}},"17":{"start":{"line":32,"column":8},"end":{"line":32,"column":32}},"18":{"start":{"line":34,"column":4},"end":{"line":40,"column":7}},"19":{"start":{"line":35,"column":4},"end":{"line":39,"column":5}},"20":{"start":{"line":36,"column":8},"end":{"line":36,"column":30}},"21":{"start":{"line":38,"column":8},"end":{"line":38,"column":29}},"22":{"start":{"line":44,"column":0},"end":{"line":57,"column":2}},"23":{"start":{"line":45,"column":17},"end":{"line":45,"column":34}},"24":{"start":{"line":46,"column":4},"end":{"line":56,"column":6}},"25":{"start":{"line":50,"column":12},"end":{"line":54,"column":13}},"26":{"start":{"line":51,"column":16},"end":{"line":51,"column":38}},"27":{"start":{"line":53,"column":16},"end":{"line":53,"column":37}},"28":{"start":{"line":59,"column":0},"end":{"line":69,"column":2}},"29":{"start":{"line":60,"column":4},"end":{"line":68,"column":6}},"30":{"start":{"line":62,"column":12},"end":{"line":66,"column":13}},"31":{"start":{"line":63,"column":16},"end":{"line":63,"column":38}},"32":{"start":{"line":65,"column":16},"end":{"line":65,"column":37}},"33":{"start":{"line":72,"column":0},"end":{"line":94,"column":2}},"34":{"start":{"line":74,"column":17},"end":{"line":74,"column":32}},"35":{"start":{"line":75,"column":19},"end":{"line":75,"column":36}},"36":{"start":{"line":76,"column":14},"end":{"line":76,"column":26}},"37":{"start":{"line":77,"column":20},"end":{"line":77,"column":38}},"38":{"start":{"line":78,"column":24},"end":{"line":78,"column":46}},"39":{"start":{"line":79,"column":23},"end":{"line":79,"column":44}},"40":{"start":{"line":80,"column":25},"end":{"line":80,"column":48}},"41":{"start":{"line":81,"column":25},"end":{"line":81,"column":48}},"42":{"start":{"line":83,"column":4},"end":{"line":92,"column":6}},"43":{"start":{"line":86,"column":12},"end":{"line":90,"column":13}},"44":{"start":{"line":87,"column":16},"end":{"line":87,"column":35}},"45":{"start":{"line":89,"column":16},"end":{"line":89,"column":62}},"46":{"start":{"line":97,"column":0},"end":{"line":119,"column":2}},"47":{"start":{"line":99,"column":17},"end":{"line":99,"column":32}},"48":{"start":{"line":100,"column":19},"end":{"line":100,"column":36}},"49":{"start":{"line":101,"column":14},"end":{"line":101,"column":26}},"50":{"start":{"line":102,"column":20},"end":{"line":102,"column":38}},"51":{"start":{"line":103,"column":24},"end":{"line":103,"column":46}},"52":{"start":{"line":104,"column":23},"end":{"line":104,"column":44}},"53":{"start":{"line":105,"column":25},"end":{"line":105,"column":48}},"54":{"start":{"line":106,"column":25},"end":{"line":106,"column":48}},"55":{"start":{"line":108,"column":4},"end":{"line":118,"column":6}},"56":{"start":{"line":111,"column":12},"end":{"line":115,"column":13}},"57":{"start":{"line":112,"column":16},"end":{"line":112,"column":35}},"58":{"start":{"line":114,"column":16},"end":{"line":114,"column":60}},"59":{"start":{"line":122,"column":0},"end":{"line":138,"column":2}},"60":{"start":{"line":124,"column":17},"end":{"line":124,"column":34}},"61":{"start":{"line":126,"column":4},"end":{"line":136,"column":6}},"62":{"start":{"line":129,"column":12},"end":{"line":133,"column":13}},"63":{"start":{"line":130,"column":16},"end":{"line":130,"column":35}},"64":{"start":{"line":132,"column":16},"end":{"line":132,"column":60}}},"fnMap":{"0":{"name":"(anonymous_0)","decl":{"start":{"line":9,"column":18},"end":{"line":9,"column":19}},"loc":{"start":{"line":9,"column":35},"end":{"line":41,"column":1}},"line":9},"1":{"name":"(anonymous_1)","decl":{"start":{"line":34,"column":35},"end":{"line":34,"column":36}},"loc":{"start":{"line":34,"column":63},"end":{"line":40,"column":5}},"line":34},"2":{"name":"(anonymous_2)","decl":{"start":{"line":44,"column":22},"end":{"line":44,"column":23}},"loc":{"start":{"line":44,"column":39},"end":{"line":57,"column":1}},"line":44},"3":{"name":"(anonymous_3)","decl":{"start":{"line":49,"column":8},"end":{"line":49,"column":9}},"loc":{"start":{"line":49,"column":36},"end":{"line":55,"column":9}},"line":49},"4":{"name":"(anonymous_4)","decl":{"start":{"line":59,"column":24},"end":{"line":59,"column":25}},"loc":{"start":{"line":59,"column":41},"end":{"line":69,"column":1}},"line":59},"5":{"name":"(anonymous_5)","decl":{"start":{"line":61,"column":8},"end":{"line":61,"column":9}},"loc":{"start":{"line":61,"column":36},"end":{"line":67,"column":9}},"line":61},"6":{"name":"(anonymous_6)","decl":{"start":{"line":72,"column":17},"end":{"line":72,"column":18}},"loc":{"start":{"line":72,"column":34},"end":{"line":94,"column":1}},"line":72},"7":{"name":"(anonymous_7)","decl":{"start":{"line":85,"column":8},"end":{"line":85,"column":9}},"loc":{"start":{"line":85,"column":36},"end":{"line":91,"column":9}},"line":85},"8":{"name":"(anonymous_8)","decl":{"start":{"line":97,"column":20},"end":{"line":97,"column":21}},"loc":{"start":{"line":97,"column":38},"end":{"line":119,"column":1}},"line":97},"9":{"name":"(anonymous_9)","decl":{"start":{"line":110,"column":8},"end":{"line":110,"column":9}},"loc":{"start":{"line":110,"column":37},"end":{"line":116,"column":9}},"line":110},"10":{"name":"(anonymous_10)","decl":{"start":{"line":122,"column":20},"end":{"line":122,"column":21}},"loc":{"start":{"line":122,"column":38},"end":{"line":138,"column":1}},"line":122},"11":{"name":"(anonymous_11)","decl":{"start":{"line":128,"column":8},"end":{"line":128,"column":9}},"loc":{"start":{"line":128,"column":37},"end":{"line":134,"column":9}},"line":128}},"branchMap":{"0":{"loc":{"start":{"line":22,"column":4},"end":{"line":25,"column":5}},"type":"if","locations":[{"start":{"line":22,"column":4},"end":{"line":25,"column":5}},{"start":{"line":22,"column":4},"end":{"line":25,"column":5}}],"line":22},"1":{"loc":{"start":{"line":22,"column":8},"end":{"line":22,"column":47}},"type":"binary-expr","locations":[{"start":{"line":22,"column":8},"end":{"line":22,"column":23}},{"start":{"line":22,"column":27},"end":{"line":22,"column":47}}],"line":22},"2":{"loc":{"start":{"line":26,"column":4},"end":{"line":29,"column":5}},"type":"if","locations":[{"start":{"line":26,"column":4},"end":{"line":29,"column":5}},{"start":{"line":26,"column":4},"end":{"line":29,"column":5}}],"line":26},"3":{"loc":{"start":{"line":26,"column":8},"end":{"line":26,"column":43}},"type":"binary-expr","locations":[{"start":{"line":26,"column":8},"end":{"line":26,"column":21}},{"start":{"line":26,"column":25},"end":{"line":26,"column":43}}],"line":26},"4":{"loc":{"start":{"line":30,"column":4},"end":{"line":33,"column":5}},"type":"if","locations":[{"start":{"line":30,"column":4},"end":{"line":33,"column":5}},{"start":{"line":30,"column":4},"end":{"line":33,"column":5}}],"line":30},"5":{"loc":{"start":{"line":30,"column":8},"end":{"line":30,"column":41}},"type":"binary-expr","locations":[{"start":{"line":30,"column":8},"end":{"line":30,"column":20}},{"start":{"line":30,"column":24},"end":{"line":30,"column":41}}],"line":30},"6":{"loc":{"start":{"line":35,"column":4},"end":{"line":39,"column":5}},"type":"if","locations":[{"start":{"line":35,"column":4},"end":{"line":39,"column":5}},{"start":{"line":35,"column":4},"end":{"line":39,"column":5}}],"line":35},"7":{"loc":{"start":{"line":50,"column":12},"end":{"line":54,"column":13}},"type":"if","locations":[{"start":{"line":50,"column":12},"end":{"line":54,"column":13}},{"start":{"line":50,"column":12},"end":{"line":54,"column":13}}],"line":50},"8":{"loc":{"start":{"line":62,"column":12},"end":{"line":66,"column":13}},"type":"if","locations":[{"start":{"line":62,"column":12},"end":{"line":66,"column":13}},{"start":{"line":62,"column":12},"end":{"line":66,"column":13}}],"line":62},"9":{"loc":{"start":{"line":86,"column":12},"end":{"line":90,"column":13}},"type":"if","locations":[{"start":{"line":86,"column":12},"end":{"line":90,"column":13}},{"start":{"line":86,"column":12},"end":{"line":90,"column":13}}],"line":86},"10":{"loc":{"start":{"line":111,"column":12},"end":{"line":115,"column":13}},"type":"if","locations":[{"start":{"line":111,"column":12},"end":{"line":115,"column":13}},{"start":{"line":111,"column":12},"end":{"line":115,"column":13}}],"line":111},"11":{"loc":{"start":{"line":129,"column":12},"end":{"line":133,"column":13}},"type":"if","locations":[{"start":{"line":129,"column":12},"end":{"line":133,"column":13}},{"start":{"line":129,"column":12},"end":{"line":133,"column":13}}],"line":129}},"s":{"0":1,"1":1,"2":1,"3":2,"4":2,"5":2,"6":2,"7":2,"8":2,"9":2,"10":1,"11":1,"12":2,"13":1,"14":1,"15":2,"16":1,"17":1,"18":2,"19":2,"20":0,"21":2,"22":1,"23":1,"24":1,"25":1,"26":0,"27":1,"28":1,"29":1,"30":1,"31":0,"32":1,"33":1,"34":1,"35":1,"36":1,"37":1,"38":1,"39":1,"40":1,"41":1,"42":1,"43":1,"44":0,"45":1,"46":1,"47":1,"48":1,"49":1,"50":1,"51":1,"52":1,"53":1,"54":1,"55":1,"56":1,"57":0,"58":1,"59":1,"60":1,"61":1,"62":1,"63":0,"64":1},"f":{"0":2,"1":2,"2":1,"3":1,"4":1,"5":1,"6":1,"7":1,"8":1,"9":1,"10":1,"11":1},"b":{"0":[1,1],"1":[2,1],"2":[1,1],"3":[2,1],"4":[1,1],"5":[2,1],"6":[0,2],"7":[0,1],"8":[0,1],"9":[0,1],"10":[0,1],"11":[0,1]},"_coverageSchema":"1a1c01bbd47fc00a2c39e90264f33305004495a9","hash":"9fe50fd4ffbd6648fe1c146e37877023e0d7dff6","contentHash":"3fdf0db4a42d107327e1f16aa9b36b14a1bfd3cb3e8a25174bbf4aeda5acf8f1"},"D:\\Dokumen PT. BSP - Permadi Eka Permana\\Working Report\\fullstack-node-vue-jwt\\backend\\controller\\controller_jenisalasan.js":{"path":"D:\\Dokumen PT. BSP - Permadi Eka Permana\\Working Report\\fullstack-node-vue-jwt\\backend\\controller\\controller_jenisalasan.js","statementMap":{"0":{"start":{"line":4,"column":15},"end":{"line":4,"column":39}},"1":{"start":{"line":6,"column":17},"end":{"line":6,"column":43}},"2":{"start":{"line":9,"column":0},"end":{"line":17,"column":2}},"3":{"start":{"line":10,"column":4},"end":{"line":16,"column":7}},"4":{"start":{"line":11,"column":4},"end":{"line":15,"column":5}},"5":{"start":{"line":12,"column":8},"end":{"line":12,"column":30}},"6":{"start":{"line":14,"column":8},"end":{"line":14,"column":29}},"7":{"start":{"line":20,"column":0},"end":{"line":31,"column":2}},"8":{"start":{"line":21,"column":25},"end":{"line":21,"column":50}},"9":{"start":{"line":22,"column":4},"end":{"line":30,"column":6}},"10":{"start":{"line":24,"column":12},"end":{"line":28,"column":13}},"11":{"start":{"line":25,"column":16},"end":{"line":25,"column":38}},"12":{"start":{"line":27,"column":16},"end":{"line":27,"column":37}},"13":{"start":{"line":34,"column":0},"end":{"line":49,"column":2}},"14":{"start":{"line":36,"column":17},"end":{"line":36,"column":32}},"15":{"start":{"line":38,"column":4},"end":{"line":47,"column":6}},"16":{"start":{"line":41,"column":12},"end":{"line":45,"column":13}},"17":{"start":{"line":42,"column":16},"end":{"line":42,"column":35}},"18":{"start":{"line":44,"column":16},"end":{"line":44,"column":71}},"19":{"start":{"line":52,"column":0},"end":{"line":68,"column":2}},"20":{"start":{"line":54,"column":26},"end":{"line":54,"column":49}},"21":{"start":{"line":55,"column":17},"end":{"line":55,"column":32}},"22":{"start":{"line":57,"column":4},"end":{"line":67,"column":6}},"23":{"start":{"line":60,"column":12},"end":{"line":64,"column":13}},"24":{"start":{"line":61,"column":16},"end":{"line":61,"column":35}},"25":{"start":{"line":63,"column":16},"end":{"line":63,"column":69}},"26":{"start":{"line":71,"column":0},"end":{"line":87,"column":2}},"27":{"start":{"line":73,"column":25},"end":{"line":73,"column":50}},"28":{"start":{"line":75,"column":4},"end":{"line":85,"column":6}},"29":{"start":{"line":78,"column":12},"end":{"line":82,"column":13}},"30":{"start":{"line":79,"column":16},"end":{"line":79,"column":35}},"31":{"start":{"line":81,"column":16},"end":{"line":81,"column":69}}},"fnMap":{"0":{"name":"(anonymous_0)","decl":{"start":{"line":9,"column":26},"end":{"line":9,"column":27}},"loc":{"start":{"line":9,"column":43},"end":{"line":17,"column":1}},"line":9},"1":{"name":"(anonymous_1)","decl":{"start":{"line":10,"column":51},"end":{"line":10,"column":52}},"loc":{"start":{"line":10,"column":79},"end":{"line":16,"column":5}},"line":10},"2":{"name":"(anonymous_2)","decl":{"start":{"line":20,"column":30},"end":{"line":20,"column":31}},"loc":{"start":{"line":20,"column":47},"end":{"line":31,"column":1}},"line":20},"3":{"name":"(anonymous_3)","decl":{"start":{"line":23,"column":8},"end":{"line":23,"column":9}},"loc":{"start":{"line":23,"column":36},"end":{"line":29,"column":9}},"line":23},"4":{"name":"(anonymous_4)","decl":{"start":{"line":34,"column":25},"end":{"line":34,"column":26}},"loc":{"start":{"line":34,"column":42},"end":{"line":49,"column":1}},"line":34},"5":{"name":"(anonymous_5)","decl":{"start":{"line":40,"column":8},"end":{"line":40,"column":9}},"loc":{"start":{"line":40,"column":36},"end":{"line":46,"column":9}},"line":40},"6":{"name":"(anonymous_6)","decl":{"start":{"line":52,"column":28},"end":{"line":52,"column":29}},"loc":{"start":{"line":52,"column":46},"end":{"line":68,"column":1}},"line":52},"7":{"name":"(anonymous_7)","decl":{"start":{"line":59,"column":8},"end":{"line":59,"column":9}},"loc":{"start":{"line":59,"column":37},"end":{"line":65,"column":9}},"line":59},"8":{"name":"(anonymous_8)","decl":{"start":{"line":71,"column":28},"end":{"line":71,"column":29}},"loc":{"start":{"line":71,"column":46},"end":{"line":87,"column":
[...]
"line":11,"column":4},"end":{"line":15,"column":5}}],"line":11},"1":{"loc":{"start":{"line":24,"column":12},"end":{"line":28,"column":13}},"type":"if","locations":[{"start":{"line":24,"column":12},"end":{"line":28,"column":13}},{"start":{"line":24,"column":12},"end":{"line":28,"column":13}}],"line":24},"2":{"loc":{"start":{"line":41,"column":12},"end":{"line":45,"column":13}},"type":"if","locations":[{"start":{"line":41,"column":12},"end":{"line":45,"column":13}},{"start":{"line":41,"column":12},"end":{"line":45,"column":13}}],"line":41},"3":{"loc":{"start":{"line":60,"column":12},"end":{"line":64,"column":13}},"type":"if","locations":[{"start":{"line":60,"column":12},"end":{"line":64,"column":13}},{"start":{"line":60,"column":12},"end":{"line":64,"column":13}}],"line":60},"4":{"loc":{"start":{"line":78,"column":12},"end":{"line":82,"column":13}},"type":"if","locations":[{"start":{"line":78,"column":12},"end":{"line":82,"column":13}},{"start":{"line":78,"column":12},"end":{"line":82,"column":13}}],"line":78}},"s":{"0":1,"1":1,"2":1,"3":1,"4":1,"5":0,"6":1,"7":1,"8":1,"9":1,"10":1,"11":0,"12":1,"13":1,"14":1,"15":1,"16":1,"17":0,"18":1,"19":1,"20":1,"21":1,"22":1,"23":1,"24":0,"25":1,"26":1,"27":1,"28":1,"29":1,"30":0,"31":1},"f":{"0":1,"1":1,"2":1,"3":1,"4":1,"5":1,"6":1,"7":1,"8":1,"9":1},"b":{"0":[0,1],"1":[0,1],"2":[0,1],"3":[0,1],"4":[0,1]},"_coverageSchema":"1a1c01bbd47fc00a2c39e90264f33305004495a9","hash":"d2fa094d8db1fcf1935ed408dd0ab179d2af40e3","contentHash":"0a46cc880b957a1a52c5e3a7663ba704c0da23d51c2c495f1fa3e0ac1a933fd3"},"D:\\Dokumen PT. BSP - Permadi Eka Permana\\Working Report\\fullstack-node-vue-jwt\\backend\\controller\\controller_wali.js":{"path":"D:\\Dokumen PT. BSP - Permadi Eka Permana\\Working Report\\fullstack-node-vue-jwt\\backend\\controller\\controller_wali.js","statementMap":{"0":{"start":{"line":4,"column":15},"end":{"line":4,"column":39}},"1":{"start":{"line":6,"column":17},"end":{"line":6,"column":43}},"2":{"start":{"line":9,"column":0},"end":{"line":41,"column":2}},"3":{"start":{"line":10,"column":27},"end":{"line":10,"column":46}},"4":{"start":{"line":11,"column":20},"end":{"line":11,"column":48}},"5":{"start":{"line":12,"column":24},"end":{"line":12,"column":47}},"6":{"start":{"line":13,"column":23},"end":{"line":13,"column":45}},"7":{"start":{"line":14,"column":16},"end":{"line":20,"column":31}},"8":{"start":{"line":21,"column":16},"end":{"line":21,"column":18}},"9":{"start":{"line":22,"column":4},"end":{"line":25,"column":5}},"10":{"start":{"line":23,"column":8},"end":{"line":23,"column":53}},"11":{"start":{"line":24,"column":8},"end":{"line":24,"column":29}},"12":{"start":{"line":26,"column":4},"end":{"line":29,"column":5}},"13":{"start":{"line":27,"column":8},"end":{"line":27,"column":54}},"14":{"start":{"line":28,"column":8},"end":{"line":28,"column":33}},"15":{"start":{"line":30,"column":4},"end":{"line":33,"column":5}},"16":{"start":{"line":31,"column":8},"end":{"line":31,"column":53}},"17":{"start":{"line":32,"column":8},"end":{"line":32,"column":32}},"18":{"start":{"line":34,"column":4},"end":{"line":40,"column":7}},"19":{"start":{"line":35,"column":4},"end":{"line":39,"column":5}},"20":{"start":{"line":36,"column":8},"end":{"line":36,"column":30}},"21":{"start":{"line":38,"column":8},"end":{"line":38,"column":29}},"22":{"start":{"line":44,"column":0},"end":{"line":57,"column":2}},"23":{"start":{"line":45,"column":18},"end":{"line":45,"column":36}},"24":{"start":{"line":46,"column":4},"end":{"line":56,"column":6}},"25":{"start":{"line":50,"column":12},"end":{"line":54,"column":13}},"26":{"start":{"line":51,"column":16},"end":{"line":51,"column":38}},"27":{"start":{"line":53,"column":16},"end":{"line":53,"column":37}},"28":{"start":{"line":59,"column":0},"end":{"line":69,"column":2}},"29":{"start":{"line":60,"column":4},"end":{"line":68,"column":6}},"30":{"start":{"line":62,"column":12},"end":{"line":66,"column":13}},"31":{"start":{"line":63,"column":16},"end":{"line":63,"column":38}},"32":{"start":{"line":65,"column":16},"end":{"line":65,"column":37}},"33":{"start":{"line":72,"column":0},"end":{"line":95,"column":2}},"34":{"start":{"line":74,"column":18},"end":{"line":74,"column":34}},"35":{"start":{"line":75,"column":20},"end":{"line":75,"column":38}},"36":{"start":{"line":76,"column":24},"end":{"line":76,"column":46}},"37":{"start":{"line":77,"column":14},"end":{"line":77,"column":26}},"38":{"start":{"line":78,"column":20},"end":{"line":78,"column":38}},"39":{"start":{"line":79,"column":24},"end":{"line":79,"column":46}},"40":{"start":{"line":80,"column":23},"end":{"line":80,"column":44}},"41":{"start":{"line":81,"column":25},"end":{"line":81,"column":48}},"42":{"start":{"line":82,"column":25},"end":{"line":82,"column":48}},"43":{"start":{"line":84,"column":4},"end":{"line":93,"column":6}},"44":{"start":{"line":87,"column":12},"end":{"line":91,"column":13}},"45":{"start":{"line":88,"column":16},"end":{"line":88,"column":35}},"46":{"start":{"line":90,"column":16},"end":{"line":90,"column":63}},"47":{"start":{"line":98,"column":0},"end":{"line":121,"column":2}},"48":{"start":{"line":100,"column":18},"end":{"line":100,"column":34}},"49":{"start":{"line":101,"column":20},"end":{"line":101,"column":38}},"50":{"start":{"line":102,"column":24},"end":{"line":102,"column":46}},"51":{"start":{"line":103,"column":14},"end":{"line":103,"column":26}},"52":{"start":{"line":104,"column":20},"end":{"line":104,"column":38}},"53":{"start":{"line":105,"column":24},"end":{"line":105,"column":46}},"54":{"start":{"line":106,"column":23},"end":{"line":106,"column":44}},"55":{"start":{"line":107,"column":25},"end":{"line":107,"column":48}},"56":{"start":{"line":108,"column":25},"end":{"line":108,"column":48}},"57":{"start":{"line":110,"column":4},"end":{"line":120,"column":6}},"58":{"start":{"line":113,"column":12},"end":{"line":117,"column":13}},"59":{"start":{"line":114,"column":16},"end":{"line":114,"column":35}},"60":{"start":{"line":116,"column":16},"end":{"line":116,"column":61}},"61":{"start":{"line":124,"column":0},"end":{"line":140,"column":2}},"62":{"start":{"line":126,"column":18},"end":{"line":126,"column":36}},"63":{"start":{"line":128,"column":4},"end":{"line":138,"column":6}},"64":{"start":{"line":131,"column":12},"end":{"line":135,"column":13}},"65":{"start":{"line":132,"column":16},"end":{"line":132,"column":35}},"66":{"start":{"line":134,"column":16},"end":{"line":134,"column":61}}},"fnMap":{"0":{"name":"(anonymous_0)","decl":{"start":{"line":9,"column":19},"end":{"line":9,"column":20}},"loc":{"start":{"line":9,"column":36},"end":{"line":41,"column":1}},"line":9},"1":{"name":"(anonymous_1)","decl":{"start":{"line":34,"column":35},"end":{"line":34,"column":36}},"loc":{"start":{"line":34,"column":63},"end":{"line":40,"column":5}},"line":34},"2":{"name":"(anonymous_2)","decl":{"start":{"line":44,"column":23},"end":{"line":44,"column":24}},"loc":{"start":{"line":44,"column":40},"end":{"line":57,"column":1}},"line":44},"3":{"name":"(anonymous_3)","decl":{"start":{"line":49,"column":8},"end":{"line":49,"column":9}},"loc":{"start":{"line":49,"column":36},"end":{"line":55,"column":9}},"line":49},"4":{"name":"(anonymous_4)","decl":{"start":{"line":59,"column":25},"end":{"line":59,"column":26}},"loc":{"start":{"line":59,"column":42},"end":{"line":69,"column":1}},"line":59},"5":{"name":"(anonymous_5)","decl":{"start":{"line":61,"column":8},"end":{"line":61,"column":9}},"loc":{"start":{"line":61,"column":36},"end":{"line":67,"column":9}},"line":61},"6":{"name":"(anonymous_6)","decl":{"start":{"line":72,"column":18},"end":{"line":72,"column":19}},"loc":{"start":{"line":72,"column":35},"end":{"line":95,"column":1}},"line":72},"7":{"name":"(anonymous_7)","decl":{"start":{"line":86,"column":8},"end":{"line":86,"column":9}},"loc":{"start":{"line":86,"column":36},"end":{"line":92,"column":9}},"line":86},"8":{"name":"(anonymous_8)","decl":{"start":{"line":98,"column":21},"end":{"line":98,"column":22}},"loc":{"start":{"line":98,"column":39},"end":{"line":121,"column":1}},"line":98},"9":{"name":"(anonymous_9)","decl":{"start":{"line":112,"column":8},"end":{"line":112,"column":9}},"loc":{"start":{"line":112,"column":37},"end":{"line":118,"column":9}},"line":112},"10":{"name":"(anonymous_10)","decl":{"start":{"line":124,"column":21},"end":{"line":124,"column":22}},"loc":{"start":{"line":124,"column":39},"end":{"line":140,"column":1}},"line":124},"11":{"name":"(anonymous_11)","decl":{"start":{"line":130,"column":8},"end":{"line":130,"column":9}},"loc":{"start":{"line":130,"column":37},"end":{"line":136,"column":9}},"line":130}},"branchMap":{"0":{"loc":{"start":{"line":22,"column":4},"end":{"line":25,"column":5}},"type":"if","locations":[{"start":{"line":22,"column":4},"end":{"line":25,"column":5}},{"start":{"line":22,"column":4},"end":{"line":25,"column":5}}],"line":22},"1":{"loc":{"start":{"line":22,"column":8},"end":{"line":22,"column":49}},"type":"binary-expr","locations":[{"start":{"line":22,"column":8},"end":{"line":22,"column":24}},{"start":{"line":22,"column":28},"end":{"line":22,"column":49}}],"line":22},"2":{"loc":{"start":{"line":26,"column":4},"end":{"line":29,"column":5}},"type":"if","locations":[{"start":{"line":26,"column":4},"end":{"line":29,"column":5}},{"start":{"line":26,"column":4},"end":{"line":29,"column":5}}],"line":26},"3":{"loc":{"start":{"line":26,"column":8},"end":{"line":26,"column":43}},"type":"binary-expr","locations":[{"start":{"line":26,"column":8},"end":{"line":26,"column":21}},{"start":{"line":26,"column":25},"end":{"line":26,"column":43}}],"line":26},"4":{"loc":{"start":{"line":30,"column":4},"end":{"line":33,"column":5}},"type":"if","locations":[{"start":{"line":30,"column":4},"end":{"line":33,"column":5}},{"start":{"line":30,"column":4},"end":{"line":33,"column":5}}],"line":30},"5":{"loc":{"start":{"line":30,"column":8},"end":{"line":30,"column":41}},"type":"binary-expr","locations":[{"start":{"line":30,"column":8},"end":{"line":30,"column":20}},{"start":{"line":30,"column":24},"end":{"line":30,"column":41}}],"line":30},"6":{"loc":{"start":{"line":35,"column":4},"end":{"line":39,"column":5}},"type":"if","locations":[{"start":{"line":35,"column":4},"end":{"line":39,"column":5}},{"start":{"line":35,"column":4},"end":{"line":39,"column":5}}],"line":35},"7":{"loc":{"start":{"line":50,"column":12},"end":{"line":54,"column":13}},"type":"if","locations":[{"start":{"line":50,"column":12},"end":{"line":54,"column":13}},{"start":{"line":50,"column":12},"end":{"line":54,"column":13}}],"line":50},"8":{"loc":{"start":{"line":62,"column":12},"end":{"line":66,"column":13}},"type":"if","locations":[{"start":{"line":62,"column":12},"end":{"line":66,"column":13}},{"start":{"line":62,"column":12},"end":{"line":66,"column":13}}],"line":62},"9":{"loc":{"start":{"line":87,"column":12},"end":{"line":91,"column":13}},"type":"if","locations":[{"start":{"line":87,"column":12},"end":{"line":91,"column":13}},{"start":{"line":87,"column":12},"end":{"line":91,"column":13}}],"line":87},"10":{"loc":{"start":{"line":113,"column":12},"end":{"line":117,"column":13}},"type":"if","locations":[{"start":{"line":113,"column":12},"end":{"line":117,"column":13}},{"start":{"line":113,"column":12},"end":{"line":117,"column":13}}],"line":113},"11":{"loc":{"start":{"line":131,"column":12},"end":{"line":135,"column":13}},"type":"if","locations":[{"start":{"line":131,"column":12},"end":{"line":135,"column":13}},{"start":{"line":131,"column":12},"end":{"line":135,"column":13}}],"line":131}},"s":{"0":1,"1":1,"2":1,"3":2,"4":2,"5":2,"6":2,"7":2,"8":2,"9":2,"10":1,"11":1,"12":2,"13":1,"14":1,"15":2,"16":1,"17":1,"18":2,"19":2,"20":0,"21":2,"22":1,"23":1,"24":1,"25":1,"26":0,"27":1,"28":1,"29":1,"30":1,"31":0,"32":1,"33":1,"34":1,"35":1,"36":1,"37":1,"38":1,"39":1,"40":1,"41":1,"42":1,"43":1,"44":1,"45":0,"46":1,"47":1,"48":1,"49":1,"50":1,"51":1,"52":1,"53":1,"54":1,"55":1,"56":1,"57":1,"58":1,"59":0,"60":1,"61":1,"62":1,"63":1,"64":1,"65":0,"66":1},"f":{"0":2,"1":2,"2":1,"3":1,"4":1,"5":1,"6":1,"7":1,"8":1,"9":1,"10":1,"11":1},"b":{"0":[1,1],"1":[2,1],"2":[1,1],"3":[2,1],"4":[1,1],"5":[2,1],"6":[0,2],"7":[0,1],"8":[0,1],"9":[0,1],"10":[0,1],"11":[0,1]},"_coverageSchema":"1a1c01bbd47fc00a2c39e90264f33305004495a9","hash":"388bd44fb7b503f1743ea00151d702eaf2858d29","contentHash":"f052ebfd4109bcb119686ff9ee00b0bce8f393d82c5f4e7d9f6a996b35b7cffe"},"D:\\Dokumen PT. BSP - Permadi Eka Permana\\Working Report\\fullstack-node-vue-jwt\\backend\\controller\\controller_register.js":{"path":"D:\\Dokumen PT. BSP - Permadi Eka Permana\\Working Report\\fullstack-node-vue-jwt\\backend\\controller\\controller_register.js","statementMap":{"0":{"start":{"line":4,"column":15},"end":{"line":4,"column":39}},"1":{"start":{"line":6,"column":17},"end":{"line":6,"column":43}},"2":{"start":{"line":8,"column":15},"end":{"line":8,"column":34}},"3":{"start":{"line":9,"column":13},"end":{"line":9,"column":28}},"4":{"start":{"line":11,"column":0},"end":{"line":48,"column":2}},"5":{"start":{"line":12,"column":0},"end":{"line":47,"column":2}},"6":{"start":{"line":17,"column":4},"end":{"line":45,"column":5}},"7":{"start":{"line":18,"column":8},"end":{"line":20,"column":11}},"8":{"start":{"line":23,"column":8},"end":{"line":44,"column":11}},"9":{"start":{"line":24,"column":8},"end":{"line":43,"column":9}},"10":{"start":{"line":25,"column":12},"end":{"line":27,"column":15}},"11":{"start":{"line":30,"column":12},"end":{"line":42,"column":14}},"12":{"start":{"line":35,"column":16},"end":{"line":37,"column":17}},"13":{"start":{"line":36,"column":16},"end":{"line":36,"column":26}},"14":{"start":{"line":38,"column":16},"end":{"line":40,"column":19}},"15":{"start":{"line":50,"column":0},"end":{"line":66,"column":2}},"16":{"start":{"line":52,"column":19},"end":{"line":52,"column":38}},"17":{"start":{"line":54,"column":4},"end":{"line":64,"column":6}},"18":{"start":{"line":57,"column":12},"end":{"line":61,"column":13}},"19":{"start":{"line":58,"column":16},"end":{"line":58,"column":35}},"20":{"start":{"line":60,"column":16},"end":{"line":60,"column":61}}},"fnMap":{"0":{"name":"(anonymous_0)","decl":{"start":{"line":11,"column":23},"end":{"line":11,"column":24}},"loc":{"start":{"line":11,"column":48},"end":{"line":48,"column":1}},"line":11},"1":{"name":"(anonymous_1)","decl":{"start":{"line":16,"column":4},"end":{"line":16,"column":5}},"loc":{"start":{"line":16,"column":21},"end":{"line":46,"column":5}},"line":16},"2":{"name":"(anonymous_2)","decl":{"start":{"line":23,"column":43},"end":{"line":23,"column":44}},"loc":{"start":{"line":23,"column":58},"end":{"line":44,"column":9}},"line":23},"3":{"name":"(anonymous_3)","decl":{"start":{"line":34,"column":12},"end":{"line":34,"column":13}},"loc":{"start":{"line":34,"column":29},"end":{"line":41,"column":13}},"line":34},"4":{"name":"(anonymous_4)","decl":{"start":{"line":50,"column":21},"end":{"line":50,"column":22}},"loc":{"start":{"line":50,"column":39},"end":{"line":66,"column":1}},"line":50},"5":{"name":"(anonymous_5)","decl":{"start":{"line":56,"column":8},"end":{"line":56,"column":9}},"loc":{"start":{"line":56,"column":37},"end":{"line":62,"column":9}},"line":56}},"branchMap":{"0":{"loc":{"start":{"line":17,"column":4},"end":{"line":45,"column":5}},"type":"if","locations":[{"start":{"line":17,"column":4},"end":{"line":45,"column":5}},{"start":{"line":17,"column":4},"end":{"line":45,"column":5}}],"line":17},"1":{"loc":{"start":{"line":24,"column":8},"end":{"line":43,"column":9}},"type":"if","locations":[{"start":{"line":24,"column":8},"end":{"line":43,"column":9}},{"start":{"line":24,"column":8},"end":{"line":43,"column":9}}],"line":24},"2":{"loc":{"start":{"line":35,"column":16},"end":{"line":37,"column":17}},"type":"if","locations":[{"start":{"line":35,"column":16},"end":{"line":37,"column":17}},{"start":{"line":35,"column":16},"end":{"line":37,"column":17}}],"line":35},"3":{"loc":{"start":{"line":57,"column":12},"end":{"line":61,"column":13}},"type":"if","locations":[{"start":{"line":57,"column":12},"end":{"line":61,"column":13}},{"start":{"line":57,"column":12},"end":{"line":61,"column":13}}],"line":57}},"s":{"0":1,"1":1,"2":1,"3":1,"4":1,"5":2,"6":2,"7":1,"8":1,"9":1,"10":0,"11":1,"12":1,"13":0,"14":1,"15":1,"16":1,"17":1,"18":1,"19":0,"20":1},"f":{"0":2,"1":2,"2":1,"3":1,"4":1,"5":1},"b":{"0":[1,1],"1":[0,1],"2":[0,1],"3":[0,1]},"_coverageSchema":"1a1c01bbd47fc00a2c39e90264f33305004495a9","hash":"11cfc703a02fa4245dcc0f463c5461f885458343","contentHash":"9691ecd193f099c872b25ec468808abc73a71a7fc7d0879087a08c62f031a1db"},"D:\\Dokumen PT. BSP - Permadi Eka Permana\\Working Report\\fullstack-node-vue-jwt\\backend\\controller\\controller_login.js":{"path":"D:\\Dokumen PT. BSP - Permadi Eka Permana\\Working Report\\fullstack-node-vue-jwt\\backend\\controller\\controller_login.js","statementMap":{"0":{"start":{"line":4,"column":15},"end":{"line":4,"column":39}},"1":{"start":{"line":6,"column":17},"end":{"line":6,"column":43}},"2":{"start":{"line":8,"column":15},"end":{"line":8,"column":34}},"3":{"start":{"line":9,"column":13},"end":{"line":9,"column":28}},"4":{"start":{"line":10,"column":12},"end":{"line":10,"column":35}},"5":{"start":{"line":12,"column":0},"end":{"line":64,"column":2}},"6":{"start":{"line":13,"column":0},"end":{"line":63,"column":2}},"7":{"start":{"line":17,"column":4},"end":{"line":19,"column":5}},"8":{"start":{"line":18,"column":8},"end":{"line":18,"column":18}},"9":{"start":{"line":21,"column":4},"end":{"line":25,"column":5}},"10":{"start":{"line":22,"column":8},"end":{"line":24,"column":11}},"11":{"start":{"line":28,"column":4},"end":{"line":61,"column":6}},"12":{"start":{"line":33,"column":8},"end":{"line":35,"column":9}},"13":{"start":{"line":34,"column":12},"end":{"line":34,"column":23}},"14":{"start":{"line":37,"column":8},"end":{"line":56,"column":9}},"15":{"start":{"line":39,"column":26},"end":{"line":46,"column":13}},"16":{"start":{"line":48,"column":12},"end":{"line":50,"column":14}},"17":{"start":{"line":51,"column":12},"end":{"line":55,"column":15}},"18":{"start":{"line":57,"column":8},"end":{"line":59,"column":11}}},"fnMap":{"0":{"name":"(anonymous_0)","decl":{"start":{"line":12,"column":20},"end":{"line":12,"column":21}},"loc":{"start":{"line":12,"column":45},"end":{"line":64,"column":1}},"line":12},"1":{"name":"(anonymous_1)","decl":{"start":{"line":15,"column":4},"end":{"line":15,"column":5}},"loc":{"start":{"line":15,"column":21},"end":{"line":62,"column":5}},"line":15},"2":{"name":"(anonymous_2)","decl":{"start":{"line":31,"column":8},"end":{"line":31,"column":9}},"loc":{"start":{"line":31,"column":27},"end":{"line":60,"column":9}},"line":31}},"branchMap":{"0":{"loc":{"start":{"line":17,"column":4},"end":{"line":19,"column":5}},"type":"if","locations":[{"start":{"line":17,"column":4},"end":{"line":19,"column":5}},{"start":{"line":17,"column":4},"end":{"line":19,"column":5}}],"line":17},"1":{"loc":{"start":{"line":21,"column":4},"end":{"line":25,"column":5}},"type":"if","locations":[{"start":{"line":21,"column":4},"end":{"line":25,"column":5}},{"start":{"line":21,"column":4},"end":{"line":25,"column":5}}],"line":21},"2":{"loc":{"start":{"line":33,"column":8},"end":{"line":35,"column":9}},"type":"if","locations":[{"start":{"line":33,"column":8},"end":{"line":35,"column":9}},{"start":{"line":33,"column":8},"end":{"line":35,"column":9}}],"line":33},"3":{"loc":{"start":{"line":37,"column":8},"end":{"line":56,"column":9}},"type":"if","locations":[{"start":{"line":37,"column":8},"end":{"line":56,"column":9}},{"start":{"line":37,"column":8},"end":{"line":56,"column":9}}],"line":37}},"s":{"0":1,"1":1,"2":1,"3":1,"4":1,"5":1,"6":25,"7":25,"8":0,"9":25,"10":1,"11":24,"12":24,"13":0,"14":24,"15":23,"16":23,"17":23,"18":1},"f":{"0":25,"1":25,"2":24},"b":{"0":[0,25],"1":[1,24],"2":[0,24],"3":[23,1]},"_coverageSchema":"1a1c01bbd47fc00a2c39e90264f33305004495a9","hash":"a24e0daf76643e4e2b2b3708d3ebabeb93ee47e5","contentHash":"473f96fb018e96a75ec2439f6162831301f295c552edbdad6e66c82f47814e7b"}}